
ROM used:   2486/32768 (8%)
            2486/32768 (8%) including unused fragments

            0.4 Average locations per line
            2.0 Average locations per statement

RAM used:   72/2048 (4%) at main() level
            92/2048 (4%) worst case

Stack used: 6 worst case (5 in main + 1 for interrupts)
Stack size: 31

Lines Stmts  %   Files
----- ----- ---  -----
   56    30   2  bai_520_clock_ds1307_8led7doan_full.c
   24     0   0  C:\Program Files (x86)\PICC\Drivers\tv_kit_vdk_pic_all.c
  212    46   4  C:\Program Files (x86)\PICC\Drivers\tv_00_define_18f4550.c
  821     0   0  C:\Program Files (x86)\PICC\Devices\18f4550.h
  209    88   7  C:\Program Files (x86)\PICC\Drivers\tv_01_4_nutnhan.c
   98    63   5  C:\Program Files (x86)\PICC\Drivers\tv_02_matran_phim4x4_138.c
 2229   257  21  C:\Program Files (x86)\PICC\Drivers\math.h
   41    15   1  C:\Program Files (x86)\PICC\Drivers\tv_03_32led_don.c
  105    47   4  C:\Program Files (x86)\PICC\Drivers\tv_04_4led_7doan.c
  112    48   4  C:\Program Files (x86)\PICC\Drivers\tv_05_8led_7doan_quet.c
  146    50   4  C:\Program Files (x86)\PICC\Drivers\tv_05_i2c_ds13_pcf.c
   42    12   1  C:\Program Files (x86)\PICC\Drivers\tv_06_lcd_glcd.c
  440   205  17  C:\Program Files (x86)\PICC\Drivers\tv_06_lcd.c
   76    35   3  C:\Program Files (x86)\PICC\Drivers\tv_dht11.c
  123    37   3  C:\Program Files (x86)\PICC\Drivers\tv_08_relay_triac_buzzer_dc.c
  419    75   6  C:\Program Files (x86)\PICC\Drivers\tv_07_adc_cb.c
   90    39   3  C:\Program Files (x86)\PICC\Drivers\tv_07_ds18b20.c
  230    54   4  C:\Program Files (x86)\PICC\Drivers\touch.c
   66    27   2  C:\Program Files (x86)\PICC\Drivers\tv_07_i2c_at24cxx.c
   60    20   2  C:\Program Files (x86)\PICC\Drivers\tv_09_matran_led_mbi.c
  138    90   7  bai_520_ds1307_3key_tv.c
----- -----
 5737  1238 Total

Page ROM  %  RAM   Vol Diff  Functions:
---- --- --- ---   --- ----  ----------
0     40   1    1             @delay_ms1
0     26   1    1             @delay_us1
0    102   2    3             @I2C_READ_1
0    108   2    1             @I2C_WRITE_1
0     42   1    0             @const655
0     38   1    2   239  4.3  xuat_1byte
0     22   0    4   131  2.8  xuat_1word
0     88   2    0   396  1.4  xoa_tat_6module
0     58   1    0   253  2.3  set_up_port
0     68   1    3   198  3.6  phim_bt0_c2
0     68   1    3   194  3.9  phim_bt1_c2
0     68   1    3   192  4.2  phim_bt2_c2
0     40   1    3             @DIV88
0     36   1    0             @const895
0     50   1    3   123  2.6  xuat_8led_7doan_quet
0     12   0    0    25  1.2  tat_8led_7doan_quet
0     52   1    2   171  4.0  hien_thi_8led_7doan_quet
0    122   2    6   293  5.1  md8l7d_gma_so_bcd_vitri_vn
0    148   3    3   262  4.6  ds1307_cap_nhat_time
0    170   3    4   280  4.0  ds1307_doc_time
0     22   0    0    80  2.4  ds1307_kiem_tra_ma
0     88   2    2   115  1.2  ds1307_luu_vao_ds
0      2   0    0             @const1091
0      2   0    0             @const1097
0      2   0    0             @const1102
0     10   0    0             @const1112
0     22   0    0             @const1114
0     12   0    0             @const1174
0     82   2    7   439  9.5  tang_or_giam_so_bcd
0     32   1    0   282  3.2  tat_2led_chinh
0     40   1    0   179  2.7  giai_ma_gpg_8l7dq
0     36   1    0   161  3.4  xu_ly_choptat
0     32   1    1   119  3.0  phim_mod
0     34   1    0   171  4.0  tang_giay
0     36   1    0   171  4.0  tang_phut
0     36   1    0   171  4.0  tang_gio
0     32   1    0   139  3.1  chinh_tang_gpg
0     24   0    1    98  2.1  phim_up
0     36   1    0   171  4.0  giam_giay
0     38   1    0   171  4.0  giam_phut
0     38   1    0   171  4.0  giam_gio
0     32   1    0   139  3.1  chinh_giam_gpg
0     24   0    1    98  2.1  phim_dw
0     16   0    0    29  1.2  interrupt_timer3
0    254   5    0   627  5.7  MAIN
 Inline         0             @cinit1

Program metrics:
    Functions               32
    Statements              1238
    Comments                1374
    Volume (V)              12543
    Difficulty (D)          110.1
    Effort to implement (E) 1380408
    Time to implement (T)   21 hours, 18 minutes
    Est Delivered Bugs (B)  4
    Cyclomatic Complexity   43
    Maintainability (MI)    47

 Segment     Used  Free
-----------  ----  ----
00000-00002     4  0  
00004-00006     0  4  
00008-00094   142  0  
00096-07FFE  2340  30278  



