
ROM used:   4460/32768 (14%)
            4460/32768 (14%) including unused fragments

            0.7 Average locations per line
            2.6 Average locations per statement

RAM used:   129/2048 (6%) at main() level
            153/2048 (7%) worst case

Stack used: 7 worst case (7 in main + 0 for interrupts)
Stack size: 31

Lines Stmts  %   Files
----- ----- ---  -----
   41    22   1  bai_421_tong_hop_2module.c
   24     0   0  C:\Program Files (x86)\PICC\Drivers\tv_kit_vdk_pic_all.c
  212    46   3  C:\Program Files (x86)\PICC\Drivers\tv_00_define_18f4550.c
  821     0   0  C:\Program Files (x86)\PICC\Devices\18f4550.h
  209    88   5  C:\Program Files (x86)\PICC\Drivers\tv_01_4_nutnhan.c
   98    63   4  C:\Program Files (x86)\PICC\Drivers\tv_02_matran_phim4x4_138.c
 2229   257  15  C:\Program Files (x86)\PICC\Drivers\math.h
   41    15   1  C:\Program Files (x86)\PICC\Drivers\tv_03_32led_don.c
  105    47   3  C:\Program Files (x86)\PICC\Drivers\tv_04_4led_7doan.c
  112    48   3  C:\Program Files (x86)\PICC\Drivers\tv_05_8led_7doan_quet.c
  146    50   3  C:\Program Files (x86)\PICC\Drivers\tv_05_i2c_ds13_pcf.c
   42    12   1  C:\Program Files (x86)\PICC\Drivers\tv_06_lcd_glcd.c
  440   205  12  C:\Program Files (x86)\PICC\Drivers\tv_06_lcd.c
   76    35   2  C:\Program Files (x86)\PICC\Drivers\tv_dht11.c
  123    37   2  C:\Program Files (x86)\PICC\Drivers\tv_08_relay_triac_buzzer_dc.c
  419    75   4  C:\Program Files (x86)\PICC\Drivers\tv_07_adc_cb.c
   90    39   2  C:\Program Files (x86)\PICC\Drivers\tv_07_ds18b20.c
  230    54   3  C:\Program Files (x86)\PICC\Drivers\touch.c
   66    27   2  C:\Program Files (x86)\PICC\Drivers\tv_07_i2c_at24cxx.c
   60    20   1  C:\Program Files (x86)\PICC\Drivers\tv_09_matran_led_mbi.c
  811   599  34  C:\Program Files (x86)\PICC\Drivers\chuong3_32led_if_no_delay.c
----- -----
 6395  1739 Total

Page ROM  %  RAM   Vol Diff  Functions:
---- --- --- ---   --- ----  ----------
0     38   0    1             @delay_ms1
0     32   0    0             @const655
0     38   0    2   239  4.3  xuat_1byte
0     22   0    4   131  2.8  xuat_1word
0     88   1    0   396  1.4  xoa_tat_6module
0     58   1    0   253  2.3  set_up_port
0     36   0    4   160  1.8  xuat_32led_don_4byte
0     36   0    8   245  3.1  xuat_32led_don_2word
0     36   0    9   120  2.8  xuat_32led_don_1dw
0     44   0    0   152  1.8  xuat_4led_7doan_4so
0    146   2    6   305  5.1  md4l7d_giaima_2so_vitri_vn
0     40   0    3             @DIV88
0      2   0    0             @const1091
0      2   0    0             @const1097
0      2   0    0             @const1102
0     10   0    0             @const1112
0     22   0    0             @const1114
0     34   0    2   158  2.7  xuat_buzzer_relay
0     36   0    3    94  1.7  buzzer_on_off
0     12   0    0             @const1174
0    168   2    0   589  2.9  h332_reset_tang_tcttd_if
0    104   1    5   240  4.5  h332_32led_std_tsp_if
0    114   1    5   240  4.5  h332_32led_std_pst_if
0     94   1    1   243  2.8  h337_32led_tnv_ttr_pst_tsp
0     86   1    3   364  5.1  h337_32led_std_ttrtnv_psttsp_if
0    108   1    1   302  5.5  h338_32led_sd_pst_if
0    108   1    1   302  5.5  h338_32led_sd_tsp_if
0     98   1    1   459  6.2  h339_32led_sd_tnvttr_psttsp_if
0    116   1    1   330  6.0  h340_32led_ds_dp_md_if
0    116   1    1   330  6.0  h340_32led_ds_dt_md_if
0    124   1    2   534  6.2  h341_32led_ds_dvdrdpdt_md_if
0    312   3    1  1224  5.4  h342_xu_ly_kds_dt_if
0     50   1    2   166  4.4  h342_32led_kds_dt_if
0    312   3    1  1224  5.4  h343_xu_ly_kds_dp_if
0     50   1    2   166  4.4  h343_32led_kds_dp_if
0    178   2    1   922  5.3  h344_xu_ly_kds_dvdrdtdp_if
0     42   0    2   222  6.0  h344_32led_kds_dvdrdtdp_if
0   1060  12    1  6818  3.0  h352_32led_tong_hop
0     18   0    0    57  2.3  b339_32led_tong_hop_tu_dong_if
0     32   0    0    82  1.6  b411_hienthi_4led7doan
0     76   1    0   152  3.0  b411_dem_xung_ngoai
0    356   4    0   167  2.6  MAIN
 Inline         0             @cinit1

Program metrics:
    Functions               33
    Statements              1739
    Comments                1567
    Volume (V)              29015
    Difficulty (D)          131.1
    Effort to implement (E) 3803737
    Time to implement (T)   58 hours, 42 minutes
    Est Delivered Bugs (B)  8
    Cyclomatic Complexity   162
    Maintainability (MI)    23

 Segment     Used  Free
-----------  ----  ----
00000-00002     4  0  
00004-07FFE  4456  28308  



