
ROM used:   2932/32768 (9%)
            2932/32768 (9%) including unused fragments

            0.5 Average locations per line
            2.4 Average locations per statement

RAM used:   80/2048 (4%) at main() level
            100/2048 (5%) worst case

Stack used: 5 worst case (4 in main + 1 for interrupts)
Stack size: 31

Lines Stmts  %   Files
----- ----- ---  -----
   54    39   3  bai_819_dc_up_dw_stop_encoder_tocdo.c
   24     0   0  C:\Program Files (x86)\PICC\Drivers\tv_kit_vdk_pic_all.c
  212    46   4  C:\Program Files (x86)\PICC\Drivers\tv_00_define_18f4550.c
  821     0   0  C:\Program Files (x86)\PICC\Devices\18f4550.h
  209    88   7  C:\Program Files (x86)\PICC\Drivers\tv_01_4_nutnhan.c
   98    63   5  C:\Program Files (x86)\PICC\Drivers\tv_02_matran_phim4x4_138.c
 2229   257  21  C:\Program Files (x86)\PICC\Drivers\math.h
   41    15   1  C:\Program Files (x86)\PICC\Drivers\tv_03_32led_don.c
  105    47   4  C:\Program Files (x86)\PICC\Drivers\tv_04_4led_7doan.c
  112    48   4  C:\Program Files (x86)\PICC\Drivers\tv_05_8led_7doan_quet.c
  146    50   4  C:\Program Files (x86)\PICC\Drivers\tv_05_i2c_ds13_pcf.c
   42    12   1  C:\Program Files (x86)\PICC\Drivers\tv_06_lcd_glcd.c
  440   205  17  C:\Program Files (x86)\PICC\Drivers\tv_06_lcd.c
   76    35   3  C:\Program Files (x86)\PICC\Drivers\tv_dht11.c
  123    37   3  C:\Program Files (x86)\PICC\Drivers\tv_08_relay_triac_buzzer_dc.c
  419    75   6  C:\Program Files (x86)\PICC\Drivers\tv_07_adc_cb.c
   90    39   3  C:\Program Files (x86)\PICC\Drivers\tv_07_ds18b20.c
  230    54   4  C:\Program Files (x86)\PICC\Drivers\touch.c
   66    27   2  C:\Program Files (x86)\PICC\Drivers\tv_07_i2c_at24cxx.c
   60    20   2  C:\Program Files (x86)\PICC\Drivers\tv_09_matran_led_mbi.c
   82    33   3  C:\Program Files (x86)\PICC\Drivers\tv_08_dc_motor.c
   57    35   3  bai_815_dc_motor_tv.c
----- -----
 5736  1225 Total

Page ROM  %  RAM   Vol Diff  Functions:
---- --- --- ---   --- ----  ----------
0     40   1    1             @delay_ms1
0     26   0    1             @delay_us1
0     42   1    0             @const655
0     38   1    2   239  4.3  xuat_1byte
0     22   0    4   131  2.8  xuat_1word
0     88   2    0   396  1.4  xoa_tat_6module
0     58   1    0   253  2.3  set_up_port
0     68   1    3   198  3.6  phim_bt0_c2
0     68   1    3   192  4.2  phim_bt2_c2
0     36   1    4   160  1.8  xuat_32led_don_4byte
0     36   1    8   245  3.1  xuat_32led_don_2word
0     44   1    0   152  1.8  xuat_4led_7doan_4so
0     40   1    3             @DIV88
0     66   1    5             @DIV1616
0    444   8    9   759  5.4  md4l7d_giaima_4so_vitri_vn
0     36   1    0             @const895
0     50   1    3   123  2.6  xuat_8led_7doan_quet
0     12   0    0    25  1.2  tat_8led_7doan_quet
0     54   1    2   171  4.0  hien_thi_8led_7doan_quet
0    144   2    6   305  5.1  md8l7d_gma_2so_vitri_vn
0    440   8    9   759  5.4  md8l7d_gma_4so_vitri_vn
0      2   0    0             @const1091
0      2   0    0             @const1097
0      2   0    0             @const1102
0     10   0    0             @const1112
0     22   0    0             @const1114
0     32   1    2   158  2.7  xuat_buzzer_relay
0     12   0    0             @const1174
0      8   0    0    29  1.2  dc_motor_enable
0     36   1    0   102  2.5  giai_ma_7doan_quet
0    124   2    0   235  4.5  phim_up
0     30   1    5   163  3.5  @MUL1616
0    132   2    0   272  5.0  phim_dw
0    110   2    0   233  4.1  phim_stop
0     26   0    0    96  2.9  interrupt_timer3
0     86   1    0   179  3.1  tinh_toc_do_hthi
0    300   5    0   661  5.8  MAIN
 Inline         0   282  4.2  @cinit1

Program metrics:
    Functions               26
    Statements              1225
    Comments                1381
    Volume (V)              12136
    Difficulty (D)          89.4
    Effort to implement (E) 1084922
    Time to implement (T)   16 hours, 45 minutes
    Est Delivered Bugs (B)  4
    Cyclomatic Complexity   25
    Maintainability (MI)    29

 Segment     Used  Free
-----------  ----  ----
00000-00002     4  0  
00004-00006     0  4  
00008-00094   142  0  
00096-07FFE  2786  29832  



