*** Error 1 "btvn1.c" Line 2(1,2): Illegal C character in input file  0x80
*** Error 1 "btvn1.c" Line 2(1,2): Illegal C character in input file  0x00
*** Error 1 "btvn1.c" Line 2(1,2): Illegal C character in input file  0xA4
*** Error 1 "btvn1.c" Line 2(1,2): Illegal C character in input file  0x00
*** Error 1 "btvn1.c" Line 2(1,2): Illegal C character in input file  0x00
*** Error 1 "btvn1.c" Line 2(1,2): Illegal C character in input file  0x00
*** Error 1 "btvn1.c" Line 2(1,2): Illegal C character in input file  0xFF
*** Error 1 "btvn1.c" Line 2(1,2): Illegal C character in input file  0xFF
*** Error 1 "btvn1.c" Line 2(1,2): Illegal C character in input file  0xFF
*** Error 1 "btvn1.c" Line 2(1,2): Illegal C character in input file  0x00
*** Error 1 "btvn1.c" Line 2(1,2): Illegal C character in input file  0x06
*** Error 1 "btvn1.c" Line 2(1,2): Illegal C character in input file  0x00
*** Error 1 "btvn1.c" Line 2(1,2): Illegal C character in input file  0x00
*** Error 1 "btvn1.c" Line 2(1,2): Illegal C character in input file  0x00
*** Error 1 "btvn1.c" Line 2(1,2): Illegal C character in input file  0x00
*** Error 1 "btvn1.c" Line 2(1,2): Illegal C character in input file  0x00
*** Error 1 "btvn1.c" Line 2(1,2): Illegal C character in input file  0x00
*** Error 1 "btvn1.c" Line 2(1,2): Illegal C character in input file  0x00
*** Error 1 "btvn1.c" Line 2(1,2): Illegal C character in input file  0xFB
*** Error 1 "btvn1.c" Line 2(9,10): Illegal C character in input file  0xAE
*** Error 48 "btvn1.c" Line 2(1,2): Expecting a (
*** Error 1 "btvn1.c" Line 2(12,13): Illegal C character in input file  0x91
*** Error 1 "btvn1.c" Line 2(12,13): Illegal C character in input file  0x8A
*** Error 1 "btvn1.c" Line 2(12,13): Illegal C character in input file  0x95
*** Error 1 "btvn1.c" Line 2(12,13): Illegal C character in input file  0x15
*** Error 1 "btvn1.c" Line 2(12,13): Illegal C character in input file  0xE6
*** Error 1 "btvn1.c" Line 2(12,13): Illegal C character in input file  0x40
*** Error 1 "btvn1.c" Line 2(12,13): Illegal C character in input file  0xE0
*** Error 1 "btvn1.c" Line 2(12,13): Illegal C character in input file  0x0B
*** Error 1 "btvn1.c" Line 2(12,13): Illegal C character in input file  0x00
*** Error 1 "btvn1.c" Line 2(12,13): Illegal C character in input file  0x00
*** Error 1 "btvn1.c" Line 2(12,13): Illegal C character in input file  0xB0
*** Error 1 "btvn1.c" Line 2(12,13): Illegal C character in input file  0xD7
*** Error 1 "btvn1.c" Line 2(12,13): Illegal C character in input file  0x01
*** Error 1 "btvn1.c" Line 2(12,13): Illegal C character in input file  0x00
*** Error 1 "btvn1.c" Line 2(12,13): Illegal C character in input file  0x80
*** Error 1 "btvn1.c" Line 2(12,13): Illegal C character in input file  0x00
*** Error 1 "btvn1.c" Line 2(12,13): Illegal C character in input file  0x00
*** Error 1 "btvn1.c" Line 2(12,13): Illegal C character in input file  0x00
*** Error 1 "btvn1.c" Line 2(12,13): Illegal C character in input file  0x00
*** Error 1 "btvn1.c" Line 2(12,13): Illegal C character in input file  0x00
*** Error 1 "btvn1.c" Line 2(12,13): Illegal C character in input file  0x00
*** Error 1 "btvn1.c" Line 2(12,13): Illegal C character in input file  0x00
*** Error 1 "btvn1.c" Line 2(12,13): Illegal C character in input file  0x00
*** Error 1 "btvn1.c" Line 2(12,13): Illegal C character in input file  0x00
*** Error 1 "btvn1.c" Line 2(12,13): Illegal C character in input file  0x00
*** Error 1 "btvn1.c" Line 2(12,13): Illegal C character in input file  0x00
*** Error 1 "btvn1.c" Line 2(12,13): Illegal C character in input file  0xC8
*** Error 1 "btvn1.c" Line 2(23,24): Illegal C character in input file  0xAF
*** Error 1 "btvn1.c" Line 2(23,24): Illegal C character in input file  0x07
*** Error 1 "btvn1.c" Line 2(23,24): Illegal C character in input file  0x40
*** Error 48 "btvn1.c" Line 2(12,13): Expecting a (
*** Error 1 "btvn1.c" Line 2(26,27): Illegal C character in input file  0x8C
*** Error 1 "btvn1.c" Line 2(26,27): Illegal C character in input file  0x07
*** Error 1 "btvn1.c" Line 2(26,27): Illegal C character in input file  0xD0
*** Error 43 "btvn1.c" Line 2(26,27): Expecting a declaration
*** Error 1 "btvn1.c" Line 2(29,30): Illegal C character in input file  0x8C
*** Error 1 "btvn1.c" Line 2(29,30): Illegal C character in input file  0x07
*** Error 1 "btvn1.c" Line 2(29,30): Illegal C character in input file  0x00
*** Error 1 "btvn1.c" Line 2(29,30): Illegal C character in input file  0x00
*** Error 1 "btvn1.c" Line 2(29,30): Illegal C character in input file  0x00
*** Error 1 "btvn1.c" Line 2(29,30): Illegal C character in input file  0x00
*** Error 1 "btvn1.c" Line 2(29,30): Illegal C character in input file  0x90
*** Error 43 "btvn1.c" Line 2(29,30): Expecting a declaration
*** Error 1 "btvn1.c" Line 2(32,33): Illegal C character in input file  0x8C
*** Error 1 "btvn1.c" Line 2(32,33): Illegal C character in input file  0x07
*** Error 1 "btvn1.c" Line 2(32,33): Illegal C character in input file  0x00
*** Error 1 "btvn1.c" Line 2(32,33): Illegal C character in input file  0x00
*** Error 1 "btvn1.c" Line 2(32,33): Illegal C character in input file  0x00
*** Error 1 "btvn1.c" Line 2(32,33): Illegal C character in input file  0x00
*** Error 1 "btvn1.c" Line 2(32,33): Illegal C character in input file  0x00
*** Error 1 "btvn1.c" Line 2(32,33): Illegal C character in input file  0x00
*** Error 1 "btvn1.c" Line 2(32,33): Illegal C character in input file  0x00
*** Error 1 "btvn1.c" Line 2(32,33): Illegal C character in input file  0x00
*** Error 1 "btvn1.c" Line 2(32,33): Illegal C character in input file  0x00
*** Error 1 "btvn1.c" Line 2(32,33): Illegal C character in input file  0x00
*** Error 1 "btvn1.c" Line 2(32,33): Illegal C character in input file  0x00
*** Error 1 "btvn1.c" Line 2(32,33): Illegal C character in input file  0x00
*** Error 1 "btvn1.c" Line 2(32,33): Illegal C character in input file  0x00
*** Error 1 "btvn1.c" Line 2(32,33): Illegal C character in input file  0x00
*** Error 1 "btvn1.c" Line 2(32,33): Illegal C character in input file  0x00
*** Error 1 "btvn1.c" Line 2(32,33): Illegal C character in input file  0x00
*** Error 1 "btvn1.c" Line 2(32,33): Illegal C character in input file  0x00
*** Error 1 "btvn1.c" Line 2(32,33): Illegal C character in input file  0x00
*** Error 1 "btvn1.c" Line 2(32,33): Illegal C character in input file  0x00
*** Error 1 "btvn1.c" Line 2(32,33): Illegal C character in input file  0x00
*** Error 1 "btvn1.c" Line 2(32,33): Illegal C character in input file  0x00
*** Error 1 "btvn1.c" Line 2(32,33): Illegal C character in input file  0x00
*** Error 1 "btvn1.c" Line 2(32,33): Illegal C character in input file  0x00
*** Error 1 "btvn1.c" Line 2(32,33): Illegal C character in input file  0x00
*** Error 1 "btvn1.c" Line 2(32,33): Illegal C character in input file  0x00
*** Error 1 "btvn1.c" Line 2(32,33): Illegal C character in input file  0x00
*** Error 1 "btvn1.c" Line 2(32,33): Illegal C character in input file  0x00
*** Error 1 "btvn1.c" Line 2(32,33): Illegal C character in input file  0x00
*** Error 1 "btvn1.c" Line 2(32,33): Illegal C character in input file  0x00
*** Error 1 "btvn1.c" Line 2(32,33): Illegal C character in input file  0x00
*** Error 1 "btvn1.c" Line 2(32,33): Illegal C character in input file  0x00
*** Error 1 "btvn1.c" Line 2(32,33): Illegal C character in input file  0x00
*** Error 48 "btvn1.c" Line 2(32,33): Expecting a (
*** Error 1 "btvn1.c" Line 2(35,36): Illegal C character in input file  0x50 after \
