
ROM used:   1722/32768 (5%)
            1722/32768 (5%) including unused fragments

            0.3 Average locations per line
            1.4 Average locations per statement

RAM used:   68/2048 (3%) at main() level
            87/2048 (4%) worst case

Stack used: 5 worst case (5 in main + 0 for interrupts)
Stack size: 31

Lines Stmts  %   Files
----- ----- ---  -----
   52    31   3  bai_803_step_motor_on_off_inv_hthi_sb_fh.c
   24     0   0  C:\Program Files (x86)\PICC\Drivers\tv_kit_vdk_pic_all.c
  212    46   4  C:\Program Files (x86)\PICC\Drivers\tv_00_define_18f4550.c
  821     0   0  C:\Program Files (x86)\PICC\Devices\18f4550.h
  209    88   7  C:\Program Files (x86)\PICC\Drivers\tv_01_4_nutnhan.c
   98    63   5  C:\Program Files (x86)\PICC\Drivers\tv_02_matran_phim4x4_138.c
 2229   257  22  C:\Program Files (x86)\PICC\Drivers\math.h
   41    15   1  C:\Program Files (x86)\PICC\Drivers\tv_03_32led_don.c
  105    47   4  C:\Program Files (x86)\PICC\Drivers\tv_04_4led_7doan.c
  112    48   4  C:\Program Files (x86)\PICC\Drivers\tv_05_8led_7doan_quet.c
  146    50   4  C:\Program Files (x86)\PICC\Drivers\tv_05_i2c_ds13_pcf.c
   42    12   1  C:\Program Files (x86)\PICC\Drivers\tv_06_lcd_glcd.c
  440   205  17  C:\Program Files (x86)\PICC\Drivers\tv_06_lcd.c
   76    35   3  C:\Program Files (x86)\PICC\Drivers\tv_dht11.c
  123    37   3  C:\Program Files (x86)\PICC\Drivers\tv_08_relay_triac_buzzer_dc.c
  419    75   6  C:\Program Files (x86)\PICC\Drivers\tv_07_adc_cb.c
   90    39   3  C:\Program Files (x86)\PICC\Drivers\tv_07_ds18b20.c
  230    54   5  C:\Program Files (x86)\PICC\Drivers\touch.c
   66    27   2  C:\Program Files (x86)\PICC\Drivers\tv_07_i2c_at24cxx.c
   60    20   2  C:\Program Files (x86)\PICC\Drivers\tv_09_matran_led_mbi.c
   64    29   2  C:\Program Files (x86)\PICC\Drivers\tv_08_step_motor.c
   26    16   1  bai_801_step_motor_on_off_inv_tv.c
----- -----
 5685  1194 Total

Page ROM  %  RAM   Vol Diff  Functions:
---- --- --- ---   --- ----  ----------
0     38   1    1             @delay_ms1
0     26   1    1             @delay_us1
0     32   1    0             @const655
0     38   1    2   239  4.3  xuat_1byte
0     22   1    4   131  2.8  xuat_1word
0     88   3    0   396  1.4  xoa_tat_6module
0     58   2    0   253  2.3  set_up_port
0     68   2    3   192  4.2  phim_bt2_c2
0     68   2    3   190  4.4  phim_bt3_c2
0     34   1    4   160  1.8  xuat_32led_don_4byte
0     36   1    0   152  1.8  xuat_4led_7doan_4so
0     66   2    5             @DIV1616
0    440  13    9   759  5.4  md4l7d_giaima_4so_vitri_vn
0      2   0    0             @const1091
0      2   0    0             @const1097
0      2   0    0             @const1102
0     10   0    0             @const1112
0     22   1    0             @const1114
0     30   1    2   158  2.7  xuat_buzzer_relay
0     34   1    3    94  1.7  buzzer_on_off
0     12   0    0             @const1174
0     34   1    0   125  3.4  step_motor_quay_thuan_fs
0     34   1    0   125  3.4  step_motor_quay_nghich_fs
0     14   0    0    38  1.9  step_motor_run_tn_fs
0     34   1    0   125  3.4  step_motor_quay_thuan_hs
0     34   1    0   125  3.4  step_motor_quay_nghich_hs
0     14   0    0    38  1.9  step_motor_run_tn_hs
0     12   0    0    38  1.9  step_motor_run_fs_hs
0    104   3    1   450  4.2  step_motor_on_off_inv
0     22   1    0    45  1.4  hthi_sobuoc_7doan
0     60   2    1   197  3.6  phim_bt3_fs_hs
0    228   7    1   326  3.7  MAIN
 Inline         0             @cinit1

Program metrics:
    Functions               22
    Statements              1194
    Comments                1377
    Volume (V)              8087
    Difficulty (D)          65.5
    Effort to implement (E) 529813
    Time to implement (T)   8 hours, 11 minutes
    Est Delivered Bugs (B)  2
    Cyclomatic Complexity   20
    Maintainability (MI)    60

 Segment     Used  Free
-----------  ----  ----
00000-00002     4  0  
00004-07FFE  1718  31046  



