
ROM used:   1220/32768 (4%)
            1220/32768 (4%) including unused fragments

            0.2 Average locations per line
            1.1 Average locations per statement

RAM used:   72/2048 (4%) at main() level
            92/2048 (4%) worst case

Stack used: 6 worst case (5 in main + 1 for interrupts)
Stack size: 31

Lines Stmts  %   Files
----- ----- ---  -----
   51    38   3  bai_515_dem_gio_phut_giay.c
   24     0   0  C:\Program Files (x86)\PICC\Drivers\tv_kit_vdk_pic_all.c
  212    46   4  C:\Program Files (x86)\PICC\Drivers\tv_00_define_18f4550.c
  821     0   0  C:\Program Files (x86)\PICC\Devices\18f4550.h
  209    88   8  C:\Program Files (x86)\PICC\Drivers\tv_01_4_nutnhan.c
   98    63   5  C:\Program Files (x86)\PICC\Drivers\tv_02_matran_phim4x4_138.c
 2229   257  22  C:\Program Files (x86)\PICC\Drivers\math.h
   41    15   1  C:\Program Files (x86)\PICC\Drivers\tv_03_32led_don.c
  105    47   4  C:\Program Files (x86)\PICC\Drivers\tv_04_4led_7doan.c
  112    48   4  C:\Program Files (x86)\PICC\Drivers\tv_05_8led_7doan_quet.c
  146    50   4  C:\Program Files (x86)\PICC\Drivers\tv_05_i2c_ds13_pcf.c
   42    12   1  C:\Program Files (x86)\PICC\Drivers\tv_06_lcd_glcd.c
  440   205  18  C:\Program Files (x86)\PICC\Drivers\tv_06_lcd.c
   76    35   3  C:\Program Files (x86)\PICC\Drivers\tv_dht11.c
  123    37   3  C:\Program Files (x86)\PICC\Drivers\tv_08_relay_triac_buzzer_dc.c
  419    75   6  C:\Program Files (x86)\PICC\Drivers\tv_07_adc_cb.c
   90    39   3  C:\Program Files (x86)\PICC\Drivers\tv_07_ds18b20.c
  230    54   5  C:\Program Files (x86)\PICC\Drivers\touch.c
   66    27   2  C:\Program Files (x86)\PICC\Drivers\tv_07_i2c_at24cxx.c
   60    20   2  C:\Program Files (x86)\PICC\Drivers\tv_09_matran_led_mbi.c
----- -----
 5594  1156 Total

Page ROM  %  RAM   Vol Diff  Functions:
---- --- --- ---   --- ----  ----------
0     38   2    1             @delay_ms1
0     42   2    0             @const655
0     38   2    2   239  4.3  xuat_1byte
0     22   1    4   131  2.8  xuat_1word
0     88   4    0   396  1.4  xoa_tat_6module
0     58   2    0   253  2.3  set_up_port
0     40   2    3             @DIV88
0     36   1    0             @const895
0     50   2    3   123  2.6  xuat_8led_7doan_quet
0     12   0    0    25  1.2  tat_8led_7doan_quet
0     52   2    2   171  4.0  hien_thi_8led_7doan_quet
0    142   6    6   305  5.1  md8l7d_gma_2so_vitri_vn
0      2   0    0             @const1091
0      2   0    0             @const1097
0      2   0    0             @const1102
0     10   0    0             @const1112
0     22   1    0             @const1114
0     30   1    2   158  2.7  xuat_buzzer_relay
0     36   1    3    94  1.7  buzzer_on_off
0     12   0    0             @const1174
0     16   1    0    29  1.2  interrupt_timer3
0     82   3    0   420  4.2  tang_giay_phut_gio
0    242  10    0   524  5.2  MAIN
 Inline         0   412  5.2  @cinit1

Program metrics:
    Functions               14
    Statements              1156
    Comments                1376
    Volume (V)              5592
    Difficulty (D)          43.7
    Effort to implement (E) 244396
    Time to implement (T)   3 hours, 46 minutes
    Est Delivered Bugs (B)  1
    Cyclomatic Complexity   10
    Maintainability (MI)    85

 Segment     Used  Free
-----------  ----  ----
00000-00002     4  0  
00004-00006     0  4  
00008-00094   142  0  
00096-07FFE  1074  31544  



