
ROM used:   9610/32768 (29%)
            9610/32768 (29%) including unused fragments

            1.5 Average locations per line
            6.5 Average locations per statement

RAM used:   1137/2048 (56%) at main() level
            1217/2048 (59%) worst case

Stack used: 7 worst case (7 in main + 0 for interrupts)
Stack size: 31

Lines Stmts  %   Files
----- ----- ---  -----
   48    32   2  bai_633_glcd_dong_ho_gio_phut_giay.c
   24     0   0  C:\Program Files (x86)\PICC\Drivers\tv_kit_vdk_pic_all.c
  212    46   3  C:\Program Files (x86)\PICC\Drivers\tv_00_define_18f4550.c
  821     0   0  C:\Program Files (x86)\PICC\Devices\18f4550.h
  209    88   6  C:\Program Files (x86)\PICC\Drivers\tv_01_4_nutnhan.c
   98    63   4  C:\Program Files (x86)\PICC\Drivers\tv_02_matran_phim4x4_138.c
 2229   257  17  C:\Program Files (x86)\PICC\Drivers\math.h
   41    15   1  C:\Program Files (x86)\PICC\Drivers\tv_03_32led_don.c
  105    47   3  C:\Program Files (x86)\PICC\Drivers\tv_04_4led_7doan.c
  112    48   3  C:\Program Files (x86)\PICC\Drivers\tv_05_8led_7doan_quet.c
  146    50   3  C:\Program Files (x86)\PICC\Drivers\tv_05_i2c_ds13_pcf.c
   42    12   1  C:\Program Files (x86)\PICC\Drivers\tv_06_lcd_glcd.c
  440   205  14  C:\Program Files (x86)\PICC\Drivers\tv_06_lcd.c
   76    35   2  C:\Program Files (x86)\PICC\Drivers\tv_dht11.c
  123    37   2  C:\Program Files (x86)\PICC\Drivers\tv_08_relay_triac_buzzer_dc.c
  419    75   5  C:\Program Files (x86)\PICC\Drivers\tv_07_adc_cb.c
   90    39   3  C:\Program Files (x86)\PICC\Drivers\tv_07_ds18b20.c
  230    54   4  C:\Program Files (x86)\PICC\Drivers\touch.c
   66    27   2  C:\Program Files (x86)\PICC\Drivers\tv_07_i2c_at24cxx.c
   60    20   1  C:\Program Files (x86)\PICC\Drivers\tv_09_matran_led_mbi.c
  331   100   7  C:\Program Files (x86)\PICC\Drivers\tv_06_glcd.c
  540   163  11  C:\Program Files (x86)\PICC\Drivers\graphics.c
  117    67   5  bai_633_glcd_dong_ho_gio_phut_giay_tv.c
----- -----
 6579  1480 Total

Page ROM  %  RAM   Vol Diff  Functions:
---- --- --- ---   --- ----  ----------
0     40   0    1             @delay_ms1
0    106   1    3             @I2C_READ_1
0    118   1    1             @I2C_WRITE_1
0     42   0    2   239  4.3  xuat_1byte
0     22   0    4   131  2.8  xuat_1word
0    112   1    0   396  1.4  xoa_tat_6module
0     58   0    0   253  2.3  set_up_port
0    124   1   10             @FLT
0     60   0    4             @SFTOI
0     54   0    2             @ITOF
0    246   1   11             @MULFF
0    632   3   16             @ADDFF
0    350   2   14             @DIVFF
0     80   0    2             @SITOF
0    904   5   46  1146  9.9  cos
0     76   0    8    44  1.9  sin
0    168   1    3   262  4.6  ds1307_cap_nhat_time
0    190   1    4   280  4.0  ds1307_doc_time
0     30   0    0    80  2.4  ds1307_kiem_tra_ma
0     36   0    0   152  1.8  xuat_glcd_lcd
0     20   0    2   104  3.0  xuat_glcd
0     78   0    2             @MUL88
0      2   0    0             @const1091
0      2   0    0             @const1097
0      2   0    0             @const1102
0     10   0    0             @const1112
0     22   0    0             @const1114
0     12   0    0             @const1174
0     38   0    1   123  2.2  glcd_xuat_db
0     10   0    1    43  1.5  glcd_command
0     12   0    1    43  1.5  glcd_data
0     88   0    1   285  1.9  glcd_setup
0    122   1    7   338  5.1  glcd_mau_nen
0     34   0    5             @MUL1616
0    268   1    6   510  8.0  glcd_pixel
0    238   1    3   447  5.2  gdram_vdk_to_gdram_glcd_all
0    272   1    0             @const1285
0    236   1    0             @const1289
0    310   2   17  1519  9.2  glcd_line
0     84   0    6             @MULS1616
0    528   3   12  1846  8.8  glcd_circle
0    440   2   20  1601 11.1  glcd_text57
0    472   2   20  2012  4.0  glcd_ve_cac_vong_tron_so
0    580   3    7   438  5.6  tinh_vi_tri_kim_giay
0    582   3    7   438  5.6  tinh_vi_tri_kim_phut
0    584   3    7   438  5.6  tinh_vi_tri_kim_gio
0    196   1    4   563  2.5  glcd_ve_kim_giay
0     76   0    4   221  2.4  glcd_ve_kim_phut
0     50   0    4   151  2.4  glcd_ve_kim_gio
0     28   0    0             @const1407
0    246   1    1   498  3.3  glcd_dong_ho_so
0    516   3    1  1590  6.9  MAIN
 Inline         0             @cinit1

Program metrics:
    Functions               30
    Statements              1480
    Comments                1694
    Volume (V)              27901
    Difficulty (D)          130.8
    Effort to implement (E) 3650654
    Time to implement (T)   56 hours, 20 minutes
    Est Delivered Bugs (B)  8
    Cyclomatic Complexity   48
    Maintainability (MI)    32

 Segment     Used  Free
-----------  ----  ----
00000-00002     4  0  
00004-07FFE  9606  23158  



