
ROM used:   2068/32768 (6%)
            2068/32768 (6%) including unused fragments

            0.3 Average locations per line
            1.6 Average locations per statement

RAM used:   306/2048 (15%) at main() level
            326/2048 (16%) worst case

Stack used: 4 worst case (4 in main + 0 for interrupts)
Stack size: 31

Lines Stmts  %   Files
----- ----- ---  -----
   28    13   1  bai_901_mt_abcd_do.c
   24     0   0  C:\Program Files (x86)\PICC\Drivers\tv_kit_vdk_pic_all.c
  212    46   4  C:\Program Files (x86)\PICC\Drivers\tv_00_define_18f4550.c
  821     0   0  C:\Program Files (x86)\PICC\Devices\18f4550.h
  209    88   7  C:\Program Files (x86)\PICC\Drivers\tv_01_4_nutnhan.c
   98    63   5  C:\Program Files (x86)\PICC\Drivers\tv_02_matran_phim4x4_138.c
 2229   257  20  C:\Program Files (x86)\PICC\Drivers\math.h
   41    15   1  C:\Program Files (x86)\PICC\Drivers\tv_03_32led_don.c
  105    47   4  C:\Program Files (x86)\PICC\Drivers\tv_04_4led_7doan.c
  112    48   4  C:\Program Files (x86)\PICC\Drivers\tv_05_8led_7doan_quet.c
  146    50   4  C:\Program Files (x86)\PICC\Drivers\tv_05_i2c_ds13_pcf.c
   42    12   1  C:\Program Files (x86)\PICC\Drivers\tv_06_lcd_glcd.c
  440   205  16  C:\Program Files (x86)\PICC\Drivers\tv_06_lcd.c
   76    35   3  C:\Program Files (x86)\PICC\Drivers\tv_dht11.c
  123    37   3  C:\Program Files (x86)\PICC\Drivers\tv_08_relay_triac_buzzer_dc.c
  419    75   6  C:\Program Files (x86)\PICC\Drivers\tv_07_adc_cb.c
   90    39   3  C:\Program Files (x86)\PICC\Drivers\tv_07_ds18b20.c
  230    54   4  C:\Program Files (x86)\PICC\Drivers\touch.c
   66    27   2  C:\Program Files (x86)\PICC\Drivers\tv_07_i2c_at24cxx.c
   60    20   2  C:\Program Files (x86)\PICC\Drivers\tv_09_matran_led_mbi.c
  256   146  11  C:\Program Files (x86)\PICC\Drivers\tv_09_matran_led_quet_cot.c
  154     0   0  C:\Program Files (x86)\PICC\Drivers\tv_09_font.c
----- -----
 5981  1277 Total

Page ROM  %  RAM   Vol Diff  Functions:
---- --- --- ---   --- ----  ----------
0     42   1    2   239  4.3  xuat_1byte
0     22   1    4   131  2.8  xuat_1word
0    112   3    0   396  1.4  xoa_tat_6module
0     58   1    0   253  2.3  set_up_port
0      2   0    0             @const1091
0      2   0    0             @const1097
0      2   0    0             @const1102
0     10   0    0             @const1112
0     22   1    0             @const1114
0     12   0    0             @const1174
0     44   1    3   231  4.0  xuat_2byte
0     50   1    8   188  2.4  xuat_matranled
0     52   1    3   319  2.5  hieu_chinh_4bit_cao
0     22   1    0   661  5.8  @const1215
0    782  19    0   661  5.8  @const1218
0     32   1    0   661  5.8  @const1222
0     28   1    2   169  4.5  doi_1_bit_1_sang_thutu
0     36   1    5   661  5.8  @MUL1616
0    192   5    1   483  4.3  lay_ma_quet_24_cot_do
0     40   1    1    57  2.5  lay_so_luong_ky_tu_chuoi
0    152   4    5   476  5.5  quet_4kytu_mau_do
0    162   4    9   351  4.5  lay_ma_ky_tu
0    188   5    0    86  2.0  MAIN
 Inline         0   968  5.7  @cinit1

Program metrics:
    Functions               18
    Statements              1277
    Comments                1508
    Volume (V)              11977
    Difficulty (D)          72.3
    Effort to implement (E) 865958
    Time to implement (T)   13 hours, 22 minutes
    Est Delivered Bugs (B)  3
    Cyclomatic Complexity   19
    Maintainability (MI)    118

 Segment     Used  Free
-----------  ----  ----
00000-00002     4  0  
00004-07FFE  2064  30700  



