
ROM used:   4372/32768 (13%)
            4372/32768 (13%) including unused fragments

            0.7 Average locations per line
            3.1 Average locations per statement

RAM used:   710/2048 (35%) at main() level
            728/2048 (36%) worst case

Stack used: 12 worst case (10 in main + 2 for interrupts)
Stack size: 31

Lines Stmts  %   Files
----- ----- ---  -----
  120    77   5  bai_1004_maytinh_guidl_vdk_hthi_ledmt_lcd.c
   24     0   0  C:\Program Files (x86)\PICC\Drivers\tv_kit_vdk_pic_all.c
  212    46   3  C:\Program Files (x86)\PICC\Drivers\tv_00_define_18f4550.c
  821     0   0  C:\Program Files (x86)\PICC\Devices\18f4550.h
  209    88   6  C:\Program Files (x86)\PICC\Drivers\tv_01_4_nutnhan.c
   98    63   4  C:\Program Files (x86)\PICC\Drivers\tv_02_matran_phim4x4_138.c
 2229   257  18  C:\Program Files (x86)\PICC\Drivers\math.h
   41    15   1  C:\Program Files (x86)\PICC\Drivers\tv_03_32led_don.c
  105    47   3  C:\Program Files (x86)\PICC\Drivers\tv_04_4led_7doan.c
  112    48   3  C:\Program Files (x86)\PICC\Drivers\tv_05_8led_7doan_quet.c
  146    50   4  C:\Program Files (x86)\PICC\Drivers\tv_05_i2c_ds13_pcf.c
   42    12   1  C:\Program Files (x86)\PICC\Drivers\tv_06_lcd_glcd.c
  440   205  14  C:\Program Files (x86)\PICC\Drivers\tv_06_lcd.c
   76    35   2  C:\Program Files (x86)\PICC\Drivers\tv_dht11.c
  123    37   3  C:\Program Files (x86)\PICC\Drivers\tv_08_relay_triac_buzzer_dc.c
  419    75   5  C:\Program Files (x86)\PICC\Drivers\tv_07_adc_cb.c
   90    39   3  C:\Program Files (x86)\PICC\Drivers\tv_07_ds18b20.c
  230    54   4  C:\Program Files (x86)\PICC\Drivers\touch.c
   66    27   2  C:\Program Files (x86)\PICC\Drivers\tv_07_i2c_at24cxx.c
   60    20   1  C:\Program Files (x86)\PICC\Drivers\tv_09_matran_led_mbi.c
  346   222  16  C:\Program Files (x86)\PICC\Drivers\tv_09_matran_led_quet_hang.c
  154     0   0  C:\Program Files (x86)\PICC\Drivers\tv_09_font.c
----- -----
 6163  1417 Total

Page ROM  %  RAM   Vol Diff  Functions:
---- --- --- ---   --- ----  ----------
0     40   0    1             @delay_ms1
0     34   0    1             @delay_us1
0     10   0    0             @PUTCHARI_BIU_1
0     42   0    2   239  4.3  xuat_1byte
0     22   0    4   131  2.8  xuat_1word
0    112   1    0   396  1.4  xoa_tat_6module
0     58   1    0   253  2.3  set_up_port
0     36   0    1   163  2.5  xuat_1bit
0     36   0    0   152  1.8  xuat_glcd_lcd
0     20   0    2   104  3.0  xuat_lcd
0     26   0    1   102  2.1  lcd_xuat
0     10   0    1    43  1.5  lcd_command
0     10   0    1    43  1.5  lcd_data
0     92   1    0   297  2.3  lcd_setup
0     30   0    0             @const977
0     34   0    3   145  3.9  lcd_goto_xy
0     86   1    0             @const983
0     90   1    0             @const987
0     60   1    2   127  3.5  lcd_khoi_tao_cgram_so_to
0    114   1    6   280  5.8  lcd_hien_thi_so_to
0     80   1    2             @MUL88
0      2   0    0             @const1091
0     32   0    2             @PSTRINGC_968
0      2   0    0             @const1097
0      2   0    0             @const1102
0     10   0    0             @const1112
0     22   0    0             @const1114
0     34   0    2   158  2.7  xuat_buzzer_relay
0     44   1    3    94  1.7  buzzer_on_off
0     12   0    0             @const1174
0     44   1    3   231  4.0  xuat_2byte
0     52   1    8   188  2.4  xuat_matranled
0     56   1    0   678  6.1  @const1223
0    792   9    0   678  6.1  @const1226
0     34   0    0   169  4.5  @const1230
0     54   1    1    53  2.5  lay_so_luong_ky_tu_chuoi
0     34   0    5   333  4.5  @MUL1616
0    196   2    9   618  5.0  lay_ma_ky_tu_dich
0    114   1    2   348  2.8  ky_tu_xanh_so_1
0    116   1    2   348  2.8  ky_tu_xanh_so_2
0    116   1    2   348  2.8  ky_tu_xanh_so_3
0    116   1    2   348  2.8  ky_tu_xanh_so_4
0     28   0    1    82  1.4  sapxep_vitri_48byte_cot_xanh
0     36   0    3   105  3.4  xoa_dl_48_cot
0     70   1    4   116  3.4  copy_48_cot_hienthi
0     80   1    4   127  3.5  xuat_1bit_cua_48_cot_hienthi
0    126   1    4   383  4.5  hien_thi_ma_tran_quet_hang
0     74   1    1    92  2.5  lcd_hienthi_soto_t0
0     76   1    4   102  2.5  @DIVS88
0     88   1    1   102  2.5  lcd_hienthi_gh
0     58   1    0   174  3.1  counter_t0
0     56   1    0   154  3.9  mtl_qh_dich_mau_xanh
0    108   1    1   253  4.5  interrupt_uart
0    104   1    2   234  5.5  gma_lmt_ht_lcd
0    382   4    2   695  6.1  MAIN
0      6   0    0             @const1348
0      8   0    0             @const1349
 Inline         0             @cinit1

Program metrics:
    Functions               41
    Statements              1417
    Comments                1517
    Volume (V)              19405
    Difficulty (D)          136.3
    Effort to implement (E) 2644048
    Time to implement (T)   40 hours, 48 minutes
    Est Delivered Bugs (B)  6
    Cyclomatic Complexity   30
    Maintainability (MI)    81

 Segment     Used  Free
-----------  ----  ----
00000-00002     4  0  
00004-00006     0  4  
00008-00094   142  0  
00096-07FFE  4226  28392  



