
ROM used:   8734/32768 (27%)
            8734/32768 (27%) including unused fragments

            1.3 Average locations per line
            6.0 Average locations per statement

RAM used:   1118/2048 (55%) at main() level
            1198/2048 (58%) worst case

Stack used: 7 worst case (7 in main + 0 for interrupts)
Stack size: 31

Lines Stmts  %   Files
----- ----- ---  -----
   40    24   2  bai_632_glcd_dong_ho_phut_giay.c
   24     0   0  C:\Program Files (x86)\PICC\Drivers\tv_kit_vdk_pic_all.c
  212    46   3  C:\Program Files (x86)\PICC\Drivers\tv_00_define_18f4550.c
  821     0   0  C:\Program Files (x86)\PICC\Devices\18f4550.h
  209    88   6  C:\Program Files (x86)\PICC\Drivers\tv_01_4_nutnhan.c
   98    63   4  C:\Program Files (x86)\PICC\Drivers\tv_02_matran_phim4x4_138.c
 2229   257  18  C:\Program Files (x86)\PICC\Drivers\math.h
   41    15   1  C:\Program Files (x86)\PICC\Drivers\tv_03_32led_don.c
  105    47   3  C:\Program Files (x86)\PICC\Drivers\tv_04_4led_7doan.c
  112    48   3  C:\Program Files (x86)\PICC\Drivers\tv_05_8led_7doan_quet.c
  146    50   3  C:\Program Files (x86)\PICC\Drivers\tv_05_i2c_ds13_pcf.c
   42    12   1  C:\Program Files (x86)\PICC\Drivers\tv_06_lcd_glcd.c
  440   205  14  C:\Program Files (x86)\PICC\Drivers\tv_06_lcd.c
   76    35   2  C:\Program Files (x86)\PICC\Drivers\tv_dht11.c
  123    37   3  C:\Program Files (x86)\PICC\Drivers\tv_08_relay_triac_buzzer_dc.c
  419    75   5  C:\Program Files (x86)\PICC\Drivers\tv_07_adc_cb.c
   90    39   3  C:\Program Files (x86)\PICC\Drivers\tv_07_ds18b20.c
  230    54   4  C:\Program Files (x86)\PICC\Drivers\touch.c
   66    27   2  C:\Program Files (x86)\PICC\Drivers\tv_07_i2c_at24cxx.c
   60    20   1  C:\Program Files (x86)\PICC\Drivers\tv_09_matran_led_mbi.c
  331   100   7  C:\Program Files (x86)\PICC\Drivers\tv_06_glcd.c
  540   163  11  C:\Program Files (x86)\PICC\Drivers\graphics.c
   93    52   4  bai_632_glcd_dong_ho_phut_giay_tv.c
----- -----
 6547  1457 Total

Page ROM  %  RAM   Vol Diff  Functions:
---- --- --- ---   --- ----  ----------
0     40   0    1             @delay_ms1
0    106   1    3             @I2C_READ_1
0    118   1    1             @I2C_WRITE_1
0     42   0    2   239  4.3  xuat_1byte
0     22   0    4   131  2.8  xuat_1word
0    112   1    0   396  1.4  xoa_tat_6module
0     58   0    0   253  2.3  set_up_port
0    124   1   10             @FLT
0     60   0    4             @SFTOI
0     54   0    2             @ITOF
0    246   1   11             @MULFF
0    632   4   16             @ADDFF
0    350   2   14             @DIVFF
0     80   0    2             @SITOF
0    904   5   46  1146  9.9  cos
0     76   0    8    44  1.9  sin
0    168   1    3   262  4.6  ds1307_cap_nhat_time
0    190   1    4   280  4.0  ds1307_doc_time
0     30   0    0    80  2.4  ds1307_kiem_tra_ma
0     36   0    0   152  1.8  xuat_glcd_lcd
0     20   0    2   104  3.0  xuat_glcd
0     78   0    2             @MUL88
0      2   0    0             @const1091
0      2   0    0             @const1097
0      2   0    0             @const1102
0     10   0    0             @const1112
0     22   0    0             @const1114
0     12   0    0             @const1174
0     38   0    1   123  2.2  glcd_xuat_db
0     10   0    1    43  1.5  glcd_command
0     12   0    1    43  1.5  glcd_data
0     88   1    1   285  1.9  glcd_setup
0    122   1    7   338  5.1  glcd_mau_nen
0     34   0    5             @MUL1616
0    268   2    6   510  8.0  glcd_pixel
0    238   1    3   447  5.2  gdram_vdk_to_gdram_glcd_all
0    272   2    0   308  2.3  @const1285
0    236   1    0             @const1289
0    310   2   17  1519  9.2  glcd_line
0     84   0    6             @MULS1616
0    528   3   12  1846  8.8  glcd_circle
0    440   3   20  1598 11.2  glcd_text57
0    472   3   20  2012  4.0  glcd_ve_cac_vong_tron_so
0    580   3    7   438  5.6  tinh_vi_tri_kim_giay
0    582   3    7   438  5.6  tinh_vi_tri_kim_phut
0    168   1    4   480  2.4  glcd_ve_kim_giay
0     78   0    4   221  2.4  glcd_ve_kim_phut
0     28   0    0   663  6.2  @const1394
0    170   1    1   353  3.7  glcd_dong_ho_so
0    376   2    1   914  6.8  MAIN
 Inline         0   703  2.8  @cinit1

Program metrics:
    Functions               31
    Statements              1457
    Comments                1691
    Volume (V)              28585
    Difficulty (D)          134.9
    Effort to implement (E) 3854725
    Time to implement (T)   59 hours, 29 minutes
    Est Delivered Bugs (B)  8
    Cyclomatic Complexity   46
    Maintainability (MI)    28

 Segment     Used  Free
-----------  ----  ----
00000-00002     4  0  
00004-07FFE  8730  24034  



