
ROM used:   2168/32768 (7%)
            2168/32768 (7%) including unused fragments

            0.4 Average locations per line
            1.7 Average locations per statement

RAM used:   82/2048 (4%) at main() level
            104/2048 (5%) worst case

Stack used: 9 worst case (8 in main + 1 for interrupts)
Stack size: 31

Lines Stmts  %   Files
----- ----- ---  -----
   24    22   2  bai_517_gio_phut_giay_mt4.4.c
   24     0   0  C:\Program Files (x86)\PICC\Drivers\tv_kit_vdk_pic_all.c
  212    46   4  C:\Program Files (x86)\PICC\Drivers\tv_00_define_18f4550.c
  821     0   0  C:\Program Files (x86)\PICC\Devices\18f4550.h
  209    88   7  C:\Program Files (x86)\PICC\Drivers\tv_01_4_nutnhan.c
   98    63   5  C:\Program Files (x86)\PICC\Drivers\tv_02_matran_phim4x4_138.c
 2229   257  20  C:\Program Files (x86)\PICC\Drivers\math.h
   41    15   1  C:\Program Files (x86)\PICC\Drivers\tv_03_32led_don.c
  105    47   4  C:\Program Files (x86)\PICC\Drivers\tv_04_4led_7doan.c
  112    48   4  C:\Program Files (x86)\PICC\Drivers\tv_05_8led_7doan_quet.c
  146    50   4  C:\Program Files (x86)\PICC\Drivers\tv_05_i2c_ds13_pcf.c
   42    12   1  C:\Program Files (x86)\PICC\Drivers\tv_06_lcd_glcd.c
  440   205  16  C:\Program Files (x86)\PICC\Drivers\tv_06_lcd.c
   76    35   3  C:\Program Files (x86)\PICC\Drivers\tv_dht11.c
  123    37   3  C:\Program Files (x86)\PICC\Drivers\tv_08_relay_triac_buzzer_dc.c
  419    75   6  C:\Program Files (x86)\PICC\Drivers\tv_07_adc_cb.c
   90    39   3  C:\Program Files (x86)\PICC\Drivers\tv_07_ds18b20.c
  230    54   4  C:\Program Files (x86)\PICC\Drivers\touch.c
   66    27   2  C:\Program Files (x86)\PICC\Drivers\tv_07_i2c_at24cxx.c
   60    20   2  C:\Program Files (x86)\PICC\Drivers\tv_09_matran_led_mbi.c
  137   133  10  bai_517_gpg_tv.c
----- -----
 5704  1273 Total

Page ROM  %  RAM   Vol Diff  Functions:
---- --- --- ---   --- ----  ----------
0     38   1    1             @delay_ms1
0     42   1    0             @const655
0     38   1    2   239  4.3  xuat_1byte
0     22   1    4   131  2.8  xuat_1word
0     88   2    0   396  1.4  xoa_tat_6module
0     58   1    0   253  2.3  set_up_port
0     30   1    0             @const692
0    114   3    4   627  8.1  key_nhan
0     60   1    2   236  5.0  key_4x4_dw_c2
0     36   1    4   160  1.8  xuat_32led_don_4byte
0     38   1    8   245  3.1  xuat_32led_don_2word
0     36   1    9   120  2.8  xuat_32led_don_1dw
0     36   1    0   152  1.8  xuat_4led_7doan_4so
0    144   3    6   305  5.1  md4l7d_giaima_2so_vitri_vn
0     40   1    3             @DIV88
0     36   1    0             @const895
0     50   1    3   123  2.6  xuat_8led_7doan_quet
0     12   0    0    25  1.2  tat_8led_7doan_quet
0     52   1    2   171  4.0  hien_thi_8led_7doan_quet
0    142   3    6   305  5.1  md8l7d_gma_2so_vitri_vn
0      2   0    0             @const1091
0      2   0    0             @const1097
0      2   0    0             @const1102
0     10   0    0             @const1112
0     22   1    0             @const1114
0     30   1    2   158  2.7  xuat_buzzer_relay
0      8   0    0    29  1.2  buzzer_on
0      8   0    0    29  1.2  buzzer_off
0     12   0    0             @const1174
0     16   0    0    29  1.2  interrupt_timer3
0     20   0    0   104  2.9  buzzer_bip
0     36   1    0   108  1.7  giai_ma_8led_quet
0     26   1    0   238  1.8  xoa_gpg
0     12   0    0    53  2.5  tang_vt
0     58   1    0   389  3.8  tat_1led_chinh
0     60   1    0   315  4.1  nhap_ch_dv_gio
0     44   1    0   197  3.5  nhap_ch_dv_phut
0     44   1    0   197  3.5  nhap_ch_dv_giay
0     62   1    1   260  4.1  nhap_tinh_gpg
0    170   4    1   767  7.7  chinh_gpg_mtp44
0     40   1    0   238  3.6  xu_ly_tang_gpg
0    226   5    0   445  4.7  MAIN
 Inline         0             @cinit1

Program metrics:
    Functions               31
    Statements              1273
    Comments                1374
    Volume (V)              13645
    Difficulty (D)          102.3
    Effort to implement (E) 1395242
    Time to implement (T)   21 hours, 32 minutes
    Est Delivered Bugs (B)  4
    Cyclomatic Complexity   48
    Maintainability (MI)    40

 Segment     Used  Free
-----------  ----  ----
00000-00002     4  0  
00004-00006     0  4  
00008-00094   142  0  
00096-07FFE  2022  30596  



