
ROM used:   738/32768 (2%)
            738/32768 (2%) including unused fragments

            0.1 Average locations per line
            0.6 Average locations per statement

RAM used:   52/2048 (3%) at main() level
            72/2048 (4%) worst case

Stack used: 5 worst case (5 in main + 0 for interrupts)
Stack size: 31

Lines Stmts  %   Files
----- ----- ---  -----
   45    29   3  bai_503_16so_luan_phien.c
   24     0   0  C:\Program Files (x86)\PICC\Drivers\tv_kit_vdk_pic_all.c
  212    46   4  C:\Program Files (x86)\PICC\Drivers\tv_00_define_18f4550.c
  821     0   0  C:\Program Files (x86)\PICC\Devices\18f4550.h
  209    88   8  C:\Program Files (x86)\PICC\Drivers\tv_01_4_nutnhan.c
   98    63   5  C:\Program Files (x86)\PICC\Drivers\tv_02_matran_phim4x4_138.c
 2229   257  22  C:\Program Files (x86)\PICC\Drivers\math.h
   41    15   1  C:\Program Files (x86)\PICC\Drivers\tv_03_32led_don.c
  105    47   4  C:\Program Files (x86)\PICC\Drivers\tv_04_4led_7doan.c
  112    48   4  C:\Program Files (x86)\PICC\Drivers\tv_05_8led_7doan_quet.c
  146    50   4  C:\Program Files (x86)\PICC\Drivers\tv_05_i2c_ds13_pcf.c
   42    12   1  C:\Program Files (x86)\PICC\Drivers\tv_06_lcd_glcd.c
  440   205  18  C:\Program Files (x86)\PICC\Drivers\tv_06_lcd.c
   76    35   3  C:\Program Files (x86)\PICC\Drivers\tv_dht11.c
  123    37   3  C:\Program Files (x86)\PICC\Drivers\tv_08_relay_triac_buzzer_dc.c
  419    75   7  C:\Program Files (x86)\PICC\Drivers\tv_07_adc_cb.c
   90    39   3  C:\Program Files (x86)\PICC\Drivers\tv_07_ds18b20.c
  230    54   5  C:\Program Files (x86)\PICC\Drivers\touch.c
   66    27   2  C:\Program Files (x86)\PICC\Drivers\tv_07_i2c_at24cxx.c
   60    20   2  C:\Program Files (x86)\PICC\Drivers\tv_09_matran_led_mbi.c
----- -----
 5588  1147 Total

Page ROM  %  RAM   Vol Diff  Functions:
---- --- --- ---   --- ----  ----------
0     40   3    1             @delay_ms1
0     38   3    2   239  4.3  xuat_1byte
0     22   1    4   131  2.8  xuat_1word
0     88   6    0   396  1.4  xoa_tat_6module
0     58   4    0   253  2.3  set_up_port
0     26   2    0             @const895
0     50   3    3   123  2.6  xuat_8led_7doan_quet
0     12   1    0    25  1.2  tat_8led_7doan_quet
0     52   4    2   171  4.0  hien_thi_8led_7doan_quet
0      2   0    0             @const1091
0      2   0    0             @const1097
0      2   0    0             @const1102
0     10   1    0             @const1112
0     22   1    0             @const1114
0     12   1    0             @const1174
0     36   2    0   349  2.4  lay_ma_8so_0_7
0     34   2    0    84  2.7  hien_thi_8so_0_7_1s
0     36   2    0   349  2.4  lay_ma_8so_8_f
0     34   2    0    84  2.7  hien_thi_8so_8_f_1s
0    158  11    0    50  1.3  MAIN
 Inline         0             @cinit1

Program metrics:
    Functions               12
    Statements              1147
    Comments                1374
    Volume (V)              3834
    Difficulty (D)          30.6
    Effort to implement (E) 117218
    Time to implement (T)   1 hours, 49 minutes
    Est Delivered Bugs (B)  1
    Cyclomatic Complexity   4
    Maintainability (MI)    29

 Segment     Used  Free
-----------  ----  ----
00000-00002     4  0  
00004-07FFE   734  32030  



