
ROM used:   1920/32768 (6%)
            1920/32768 (6%) including unused fragments

            0.3 Average locations per line
            1.6 Average locations per statement

RAM used:   75/2048 (4%) at main() level
            97/2048 (5%) worst case

Stack used: 10 worst case (9 in main + 1 for interrupts)
Stack size: 31

Lines Stmts  %   Files
----- ----- ---  -----
  133    88   7  bai_607_lcd_mtp4x4_buzzer_on_off.c
   24     0   0  C:\Program Files (x86)\PICC\Drivers\tv_kit_vdk_pic_all.c
  212    46   4  C:\Program Files (x86)\PICC\Drivers\tv_00_define_18f4550.c
  821     0   0  C:\Program Files (x86)\PICC\Devices\18f4550.h
  209    88   7  C:\Program Files (x86)\PICC\Drivers\tv_01_4_nutnhan.c
   98    63   5  C:\Program Files (x86)\PICC\Drivers\tv_02_matran_phim4x4_138.c
 2229   257  21  C:\Program Files (x86)\PICC\Drivers\math.h
   41    15   1  C:\Program Files (x86)\PICC\Drivers\tv_03_32led_don.c
  105    47   4  C:\Program Files (x86)\PICC\Drivers\tv_04_4led_7doan.c
  112    48   4  C:\Program Files (x86)\PICC\Drivers\tv_05_8led_7doan_quet.c
  146    50   4  C:\Program Files (x86)\PICC\Drivers\tv_05_i2c_ds13_pcf.c
   42    12   1  C:\Program Files (x86)\PICC\Drivers\tv_06_lcd_glcd.c
  440   205  17  C:\Program Files (x86)\PICC\Drivers\tv_06_lcd.c
   76    35   3  C:\Program Files (x86)\PICC\Drivers\tv_dht11.c
  123    37   3  C:\Program Files (x86)\PICC\Drivers\tv_08_relay_triac_buzzer_dc.c
  419    75   6  C:\Program Files (x86)\PICC\Drivers\tv_07_adc_cb.c
   90    39   3  C:\Program Files (x86)\PICC\Drivers\tv_07_ds18b20.c
  230    54   4  C:\Program Files (x86)\PICC\Drivers\touch.c
   66    27   2  C:\Program Files (x86)\PICC\Drivers\tv_07_i2c_at24cxx.c
   60    20   2  C:\Program Files (x86)\PICC\Drivers\tv_09_matran_led_mbi.c
----- -----
 5676  1206 Total

Page ROM  %  RAM   Vol Diff  Functions:
---- --- --- ---   --- ----  ----------
0     38   1    1             @delay_ms1
0     38   1    2   239  4.3  xuat_1byte
0     22   1    4   131  2.8  xuat_1word
0     88   2    0   396  1.4  xoa_tat_6module
0     58   2    0   253  2.3  set_up_port
0     30   1    0             @const692
0    112   3    4   627  8.1  key_nhan
0     50   1    2   245  5.0  key_4x4_dw
0     36   1    4   160  1.8  xuat_32led_don_4byte
0     38   1    8   245  3.1  xuat_32led_don_2word
0     36   1    9   120  2.8  xuat_32led_don_1dw
0     40   1    3             @DIV88
0     36   1    0   152  1.8  xuat_glcd_lcd
0     16   0    2   104  3.0  xuat_lcd
0     26   1    1   102  2.1  lcd_xuat
0     10   0    1    43  1.5  lcd_command
0     10   0    1    43  1.5  lcd_data
0     72   2    0   297  2.3  lcd_setup
0     30   1    0             @const977
0     26   1    3   145  3.9  lcd_goto_xy
0      2   0    0             @const1091
0     32   1    2             @PSTRINGC_968
0      2   0    0             @const1097
0      2   0    0             @const1102
0     10   0    0             @const1112
0     22   1    0             @const1114
0     30   1    2   158  2.7  xuat_buzzer_relay
0     36   1    3    94  1.7  buzzer_on_off
0     12   0    0             @const1174
0     16   0    0    29  1.2  timer3_interrup
0     22   1    0    43  1.3  lcd_hienthi_off
0      4   0    0             @const1226
0     24   1    0    43  1.3  lcd_hienthi_on
0      4   0    0             @const1228
0     24   1    0    43  1.3  lcd_hienthi_ena
0      4   0    0             @const1230
0     22   1    0    43  1.3  lcd_hienthi_dis
0      4   0    0             @const1232
0     72   2    1   162  4.0  lcd_hienthi_tg_cai
0     62   2    1   114  3.0  lcd_hienthi_tg_dem
0     22   1    0    96  1.7  tat_het
0     40   1    1    96  2.9  buzzer_bip
0    108   3    1   616  5.2  xu_ly_cac_phim
0    304   8    0   866  6.2  MAIN
0     20   1    0             @const1241
0     20   1    0             @const1242
0     20   1    0             @const1243
0     22   1    0             @const1244
 Inline         0             @cinit1

Program metrics:
    Functions               29
    Statements              1206
    Comments                1376
    Volume (V)              10850
    Difficulty (D)          80.5
    Effort to implement (E) 873439
    Time to implement (T)   13 hours, 29 minutes
    Est Delivered Bugs (B)  3
    Cyclomatic Complexity   18
    Maintainability (MI)    32

 Segment     Used  Free
-----------  ----  ----
00000-00002     4  0  
00004-00006     0  4  
00008-00094   142  0  
00096-07FFE  1774  30844  



