
ROM used:   1192/32768 (4%)
            1192/32768 (4%) including unused fragments

            0.2 Average locations per line
            1.0 Average locations per statement

RAM used:   54/2048 (3%) at main() level
            76/2048 (4%) worst case

Stack used: 5 worst case (5 in main + 0 for interrupts)
Stack size: 31

Lines Stmts  %   Files
----- ----- ---  -----
   44    28   2  bai_408_cai_gh_0_99_mtp4.4.c
   24     0   0  C:\Program Files (x86)\PICC\Drivers\tv_kit_vdk_pic_all.c
  212    46   4  C:\Program Files (x86)\PICC\Drivers\tv_00_define_18f4550.c
  821     0   0  C:\Program Files (x86)\PICC\Devices\18f4550.h
  209    88   8  C:\Program Files (x86)\PICC\Drivers\tv_01_4_nutnhan.c
   98    63   5  C:\Program Files (x86)\PICC\Drivers\tv_02_matran_phim4x4_138.c
 2229   257  22  C:\Program Files (x86)\PICC\Drivers\math.h
   41    15   1  C:\Program Files (x86)\PICC\Drivers\tv_03_32led_don.c
  105    47   4  C:\Program Files (x86)\PICC\Drivers\tv_04_4led_7doan.c
  112    48   4  C:\Program Files (x86)\PICC\Drivers\tv_05_8led_7doan_quet.c
  146    50   4  C:\Program Files (x86)\PICC\Drivers\tv_05_i2c_ds13_pcf.c
   42    12   1  C:\Program Files (x86)\PICC\Drivers\tv_06_lcd_glcd.c
  440   205  18  C:\Program Files (x86)\PICC\Drivers\tv_06_lcd.c
   76    35   3  C:\Program Files (x86)\PICC\Drivers\tv_dht11.c
  123    37   3  C:\Program Files (x86)\PICC\Drivers\tv_08_relay_triac_buzzer_dc.c
  419    75   7  C:\Program Files (x86)\PICC\Drivers\tv_07_adc_cb.c
   90    39   3  C:\Program Files (x86)\PICC\Drivers\tv_07_ds18b20.c
  230    54   5  C:\Program Files (x86)\PICC\Drivers\touch.c
   66    27   2  C:\Program Files (x86)\PICC\Drivers\tv_07_i2c_at24cxx.c
   60    20   2  C:\Program Files (x86)\PICC\Drivers\tv_09_matran_led_mbi.c
----- -----
 5587  1146 Total

Page ROM  %  RAM   Vol Diff  Functions:
---- --- --- ---   --- ----  ----------
0     38   2    1             @delay_ms1
0     32   1    0             @const655
0     38   2    2   239  4.3  xuat_1byte
0     22   1    4   131  2.8  xuat_1word
0     88   4    0   396  1.4  xoa_tat_6module
0     58   2    0   253  2.3  set_up_port
0     20   1    0             @const692
0    112   5    4   627  8.1  key_nhan
0     50   2    2   245  5.0  key_4x4_dw
0     36   2    4   160  1.8  xuat_32led_don_4byte
0     38   2    8   245  3.1  xuat_32led_don_2word
0     36   2    9   120  2.8  xuat_32led_don_1dw
0     36   2    0   152  1.8  xuat_4led_7doan_4so
0    144   6    6   305  5.1  md4l7d_giaima_2so_vitri_vn
0     40   2    3             @DIV88
0     76   3    2             @MUL88
0      2   0    0             @const1091
0      2   0    0             @const1097
0      2   0    0             @const1102
0     10   0    0             @const1112
0     22   1    0             @const1114
0     12   1    0             @const1174
0     34   1    1    88  2.9  b408_hienthi_4led7doan
0     76   3    1   381  3.7  b408_cai_gioi_han
0    164   7    0    90  2.0  MAIN
 Inline         0    70  1.9  @cinit1

Program metrics:
    Functions               15
    Statements              1146
    Comments                1374
    Volume (V)              6130
    Difficulty (D)          48.1
    Effort to implement (E) 295067
    Time to implement (T)   4 hours, 33 minutes
    Est Delivered Bugs (B)  1
    Cyclomatic Complexity   15
    Maintainability (MI)    108

 Segment     Used  Free
-----------  ----  ----
00000-00002     4  0  
00004-07FFE  1188  31576  



