
ROM used:   1516/32768 (5%)
            1516/32768 (5%) including unused fragments

            0.3 Average locations per line
            1.3 Average locations per statement

RAM used:   60/2048 (3%) at main() level
            80/2048 (4%) worst case

Stack used: 6 worst case (6 in main + 0 for interrupts)
Stack size: 31

Lines Stmts  %   Files
----- ----- ---  -----
   72    52   4  bai_512_dxngoai_t0_8l7dq_3btn.c
   24     0   0  C:\Program Files (x86)\PICC\Drivers\tv_kit_vdk_pic_all.c
  212    46   4  C:\Program Files (x86)\PICC\Drivers\tv_00_define_18f4550.c
  821     0   0  C:\Program Files (x86)\PICC\Devices\18f4550.h
  209    88   8  C:\Program Files (x86)\PICC\Drivers\tv_01_4_nutnhan.c
   98    63   5  C:\Program Files (x86)\PICC\Drivers\tv_02_matran_phim4x4_138.c
 2229   257  22  C:\Program Files (x86)\PICC\Drivers\math.h
   41    15   1  C:\Program Files (x86)\PICC\Drivers\tv_03_32led_don.c
  105    47   4  C:\Program Files (x86)\PICC\Drivers\tv_04_4led_7doan.c
  112    48   4  C:\Program Files (x86)\PICC\Drivers\tv_05_8led_7doan_quet.c
  146    50   4  C:\Program Files (x86)\PICC\Drivers\tv_05_i2c_ds13_pcf.c
   42    12   1  C:\Program Files (x86)\PICC\Drivers\tv_06_lcd_glcd.c
  440   205  18  C:\Program Files (x86)\PICC\Drivers\tv_06_lcd.c
   76    35   3  C:\Program Files (x86)\PICC\Drivers\tv_dht11.c
  123    37   3  C:\Program Files (x86)\PICC\Drivers\tv_08_relay_triac_buzzer_dc.c
  419    75   6  C:\Program Files (x86)\PICC\Drivers\tv_07_adc_cb.c
   90    39   3  C:\Program Files (x86)\PICC\Drivers\tv_07_ds18b20.c
  230    54   5  C:\Program Files (x86)\PICC\Drivers\touch.c
   66    27   2  C:\Program Files (x86)\PICC\Drivers\tv_07_i2c_at24cxx.c
   60    20   2  C:\Program Files (x86)\PICC\Drivers\tv_09_matran_led_mbi.c
----- -----
 5615  1170 Total

Page ROM  %  RAM   Vol Diff  Functions:
---- --- --- ---   --- ----  ----------
0     38   1    1             @delay_ms1
0     26   1    1             @delay_us1
0     32   1    0             @const655
0     38   1    2   239  4.3  xuat_1byte
0     22   1    4   131  2.8  xuat_1word
0     88   3    0   396  1.4  xoa_tat_6module
0     58   2    0   253  2.3  set_up_port
0     72   2    4   243  3.3  phim_bt1_c1
0     68   2    3   198  3.6  phim_bt0_c2
0     68   2    3   192  4.2  phim_bt2_c2
0     36   1    4   160  1.8  xuat_32led_don_4byte
0     36   1    8   245  3.1  xuat_32led_don_2word
0     40   1    3             @DIV88
0     26   1    0             @const895
0     50   2    3   123  2.6  xuat_8led_7doan_quet
0     12   0    0    25  1.2  tat_8led_7doan_quet
0     54   2    2   171  4.0  hien_thi_8led_7doan_quet
0    142   5    6   305  5.1  md8l7d_gma_2so_vitri_vn
0      2   0    0             @const1091
0      2   0    0             @const1097
0      2   0    0             @const1102
0     10   0    0             @const1112
0     22   1    0             @const1114
0     30   1    2   158  2.7  xuat_buzzer_relay
0     36   1    3    94  1.7  buzzer_on_off
0     12   0    0             @const1174
0     38   1    0   123  1.7  giai_ma_8_led_quet
0     96   3    1   272  5.0  b406_up_dw_g_han
0     20   1    1    68  3.0  ktra_phim
0     38   1    1   165  3.1  ktra_run_stop
0    102   3    0   231  3.2  b411_dem_xung_ngoai
0    196   6    0   169  2.6  MAIN
 Inline         0             @cinit1

Program metrics:
    Functions               21
    Statements              1170
    Comments                1376
    Volume (V)              7523
    Difficulty (D)          62.5
    Effort to implement (E) 470296
    Time to implement (T)   7 hours, 15 minutes
    Est Delivered Bugs (B)  2
    Cyclomatic Complexity   21
    Maintainability (MI)    74

 Segment     Used  Free
-----------  ----  ----
00000-00002     4  0  
00004-07FFE  1512  31252  



