
ROM used:   3148/32768 (10%)
            3148/32768 (10%) including unused fragments

            0.5 Average locations per line
            2.5 Average locations per statement

RAM used:   74/2048 (4%) at main() level
            99/2048 (5%) worst case

Stack used: 9 worst case (9 in main + 0 for interrupts)
Stack size: 31

Lines Stmts  %   Files
----- ----- ---  -----
   54    38   3  bai_805_step_motor_on_off_inv_hthI_lcdsbv_fh.c
   24     0   0  C:\Program Files (x86)\PICC\Drivers\tv_kit_vdk_pic_all.c
  212    46   4  C:\Program Files (x86)\PICC\Drivers\tv_00_define_18f4550.c
  821     0   0  C:\Program Files (x86)\PICC\Devices\18f4550.h
  209    88   7  C:\Program Files (x86)\PICC\Drivers\tv_01_4_nutnhan.c
   98    63   5  C:\Program Files (x86)\PICC\Drivers\tv_02_matran_phim4x4_138.c
 2229   257  21  C:\Program Files (x86)\PICC\Drivers\math.h
   41    15   1  C:\Program Files (x86)\PICC\Drivers\tv_03_32led_don.c
  105    47   4  C:\Program Files (x86)\PICC\Drivers\tv_04_4led_7doan.c
  112    48   4  C:\Program Files (x86)\PICC\Drivers\tv_05_8led_7doan_quet.c
  146    50   4  C:\Program Files (x86)\PICC\Drivers\tv_05_i2c_ds13_pcf.c
   42    12   1  C:\Program Files (x86)\PICC\Drivers\tv_06_lcd_glcd.c
  440   205  17  C:\Program Files (x86)\PICC\Drivers\tv_06_lcd.c
   76    35   3  C:\Program Files (x86)\PICC\Drivers\tv_dht11.c
  123    37   3  C:\Program Files (x86)\PICC\Drivers\tv_08_relay_triac_buzzer_dc.c
  419    75   6  C:\Program Files (x86)\PICC\Drivers\tv_07_adc_cb.c
   90    39   3  C:\Program Files (x86)\PICC\Drivers\tv_07_ds18b20.c
  230    54   4  C:\Program Files (x86)\PICC\Drivers\touch.c
   66    27   2  C:\Program Files (x86)\PICC\Drivers\tv_07_i2c_at24cxx.c
   60    20   2  C:\Program Files (x86)\PICC\Drivers\tv_09_matran_led_mbi.c
   64    29   2  C:\Program Files (x86)\PICC\Drivers\tv_08_step_motor.c
   83    51   4  bai_805_step_motor_tv.c
----- -----
 5744  1236 Total

Page ROM  %  RAM   Vol Diff  Functions:
---- --- --- ---   --- ----  ----------
0     38   1    1             @delay_ms1
0     26   0    1             @delay_us1
0     32   1    0             @const655
0     38   1    2   239  4.3  xuat_1byte
0     22   0    4   131  2.8  xuat_1word
0     88   1    0   396  1.4  xoa_tat_6module
0     58   1    0   253  2.3  set_up_port
0     68   1    3   192  4.2  phim_bt2_c2
0     68   1    3   190  4.4  phim_bt3_c2
0     34   1    4   160  1.8  xuat_32led_don_4byte
0     36   1    0   152  1.8  xuat_4led_7doan_4so
0     66   1    5             @DIV1616
0    440   7    9   759  5.4  md4l7d_giaima_4so_vitri_vn
0     36   1    0   152  1.8  xuat_glcd_lcd
0     16   0    2   104  3.0  xuat_lcd
0     26   0    1   102  2.1  lcd_xuat
0     10   0    1    43  1.5  lcd_command
0     10   0    1    43  1.5  lcd_data
0     72   1    0   297  2.3  lcd_setup
0     20   0    0             @const977
0     26   0    3   145  3.9  lcd_goto_xy
0     76   1    0             @const983
0     80   1    0             @const987
0     44   1    2   127  3.5  lcd_khoi_tao_cgram_so_to
0     92   1    6   280  5.8  lcd_hien_thi_so_to
0     76   1    2             @MUL88
0     52   1    4   241  5.3  lcd_xoa_so_to
0    130   2    9   427  6.5  lcd_gm_ht_2so_to_xvn
0    186   3    6   251  3.3  lcd_hien_thi_3so_tp_nho
0      2   0    0             @const1091
0     32   1    2             @PSTRINGC_968
0      2   0    0             @const1097
0      2   0    0             @const1102
0     10   0    0             @const1112
0     22   0    0             @const1114
0     30   0    2   158  2.7  xuat_buzzer_relay
0     34   1    3    94  1.7  buzzer_on_off
0     12   0    0             @const1174
0     34   1    0   125  3.4  step_motor_quay_thuan_fs
0     34   1    0   125  3.4  step_motor_quay_nghich_fs
0     14   0    0    38  1.9  step_motor_run_tn_fs
0     34   1    0   125  3.4  step_motor_quay_thuan_hs
0     34   1    0   125  3.4  step_motor_quay_nghich_hs
0     14   0    0    38  1.9  step_motor_run_tn_hs
0     12   0    0    38  1.9  step_motor_run_fs_hs
0     38   1    0    82  2.2  lcd_ht_for_inv
0      6   0    0   110  3.4  @const1235
0      6   0    0   197  3.6  @const1236
0     20   0    0    43  1.3  lcd_ht_stop
0      6   0    0             @const1238
0     22   0    0    43  1.3  lcd_ht_start
0      6   0    0             @const1240
0     38   1    0    82  2.2  lcd_ht_full_half
0      6   0    0             @const1242
0      6   0    0             @const1243
0     94   1    5   302  3.7  lcd_ht_sv_to_sb
0     62   1    1   214  3.6  phim_bt3_fs_hs
0    110   2    1   508  4.3  step_motor_on_off_inv
0     70   1    3   110  3.4  hthi_sb_sv_7doan
0    354   6    1   798  4.3  MAIN
0     12   0    0             @const1255
 Inline         0             @cinit1

Program metrics:
    Functions               41
    Statements              1236
    Comments                1377
    Volume (V)              16279
    Difficulty (D)          125.7
    Effort to implement (E) 2045973
    Time to implement (T)   31 hours, 34 minutes
    Est Delivered Bugs (B)  5
    Cyclomatic Complexity   36
    Maintainability (MI)    106

 Segment     Used  Free
-----------  ----  ----
00000-00002     4  0  
00004-07FFE  3144  29620  



