
ROM used:   2776/32768 (8%)
            2776/32768 (8%) including unused fragments

            0.5 Average locations per line
            2.1 Average locations per statement

RAM used:   331/2048 (16%) at main() level
            351/2048 (17%) worst case

Stack used: 5 worst case (4 in main + 1 for interrupts)
Stack size: 31

Lines Stmts  %   Files
----- ----- ---  -----
   54    36   3  bai_910_mt_dem_phut_giay_xanh_do.c
   24     0   0  C:\Program Files (x86)\PICC\Drivers\tv_kit_vdk_pic_all.c
  212    46   4  C:\Program Files (x86)\PICC\Drivers\tv_00_define_18f4550.c
  821     0   0  C:\Program Files (x86)\PICC\Devices\18f4550.h
  209    88   7  C:\Program Files (x86)\PICC\Drivers\tv_01_4_nutnhan.c
   98    63   5  C:\Program Files (x86)\PICC\Drivers\tv_02_matran_phim4x4_138.c
 2229   257  20  C:\Program Files (x86)\PICC\Drivers\math.h
   41    15   1  C:\Program Files (x86)\PICC\Drivers\tv_03_32led_don.c
  105    47   4  C:\Program Files (x86)\PICC\Drivers\tv_04_4led_7doan.c
  112    48   4  C:\Program Files (x86)\PICC\Drivers\tv_05_8led_7doan_quet.c
  146    50   4  C:\Program Files (x86)\PICC\Drivers\tv_05_i2c_ds13_pcf.c
   42    12   1  C:\Program Files (x86)\PICC\Drivers\tv_06_lcd_glcd.c
  440   205  16  C:\Program Files (x86)\PICC\Drivers\tv_06_lcd.c
   76    35   3  C:\Program Files (x86)\PICC\Drivers\tv_dht11.c
  123    37   3  C:\Program Files (x86)\PICC\Drivers\tv_08_relay_triac_buzzer_dc.c
  419    75   6  C:\Program Files (x86)\PICC\Drivers\tv_07_adc_cb.c
   90    39   3  C:\Program Files (x86)\PICC\Drivers\tv_07_ds18b20.c
  230    54   4  C:\Program Files (x86)\PICC\Drivers\touch.c
   66    27   2  C:\Program Files (x86)\PICC\Drivers\tv_07_i2c_at24cxx.c
   60    20   2  C:\Program Files (x86)\PICC\Drivers\tv_09_matran_led_mbi.c
  256   146  11  C:\Program Files (x86)\PICC\Drivers\tv_09_matran_led_quet_cot.c
  154     0   0  C:\Program Files (x86)\PICC\Drivers\tv_09_font.c
----- -----
 6007  1300 Total

Page ROM  %  RAM   Vol Diff  Functions:
---- --- --- ---   --- ----  ----------
0     42   1    2   239  4.3  xuat_1byte
0     22   0    4   131  2.8  xuat_1word
0    112   2    0   396  1.4  xoa_tat_6module
0     58   1    0   253  2.3  set_up_port
0      2   0    0             @const1091
0      2   0    0             @const1097
0      2   0    0             @const1102
0     10   0    0             @const1112
0     22   0    0             @const1114
0     12   0    0             @const1174
0     44   1    3   231  4.0  xuat_2byte
0     50   1    8   188  2.4  xuat_matranled
0     52   1    3   319  2.5  hieu_chinh_4bit_cao
0    792  14    0   661  5.8  @const1218
0     42   1    0   661  5.8  @const1222
0     42   1    0   661  5.8  @const1225
0     28   1    2   169  4.5  doi_1_bit_1_sang_thutu
0    132   2    7   229  5.5  lay_ma_1_so_matran
0     36   1    5   661  5.8  @MUL1616
0     44   1    4   118  3.9  xoa_dl_hienthi
0    192   3    1   483  4.3  lay_ma_quet_24_cot_xanh
0    192   3    1   483  4.3  lay_ma_quet_24_cot_do
0    106   2    2   201  3.2  quet_1kytu
0     88   2    4   412  4.5  quet_4kytu_mau_xxdd
0     20   0    0    29  1.2  interrupt_timer3
0    182   3    1   382  5.2  tang_giay_phut
0     76   1    4   409  5.6  @DIVS88
0    228   4    0   295  4.6  MAIN
 Inline         0   198  3.7  @cinit1

Program metrics:
    Functions               23
    Statements              1300
    Comments                1508
    Volume (V)              14112
    Difficulty (D)          93.3
    Effort to implement (E) 1316893
    Time to implement (T)   20 hours, 19 minutes
    Est Delivered Bugs (B)  4
    Cyclomatic Complexity   27
    Maintainability (MI)    71

 Segment     Used  Free
-----------  ----  ----
00000-00002     4  0  
00004-00006     0  4  
00008-00094   142  0  
00096-07FFE  2630  29988  



