
ROM used:   1460/32768 (4%)
            1460/32768 (4%) including unused fragments

            0.3 Average locations per line
            1.2 Average locations per statement

RAM used:   76/2048 (4%) at main() level
            96/2048 (5%) worst case

Stack used: 5 worst case (4 in main + 1 for interrupts)
Stack size: 31

Lines Stmts  %   Files
----- ----- ---  -----
   41    25   2  bai_812_dc_motor_on_off_tn_theo_giay.c
   24     0   0  C:\Program Files (x86)\PICC\Drivers\tv_kit_vdk_pic_all.c
  212    46   4  C:\Program Files (x86)\PICC\Drivers\tv_00_define_18f4550.c
  821     0   0  C:\Program Files (x86)\PICC\Devices\18f4550.h
  209    88   7  C:\Program Files (x86)\PICC\Drivers\tv_01_4_nutnhan.c
   98    63   5  C:\Program Files (x86)\PICC\Drivers\tv_02_matran_phim4x4_138.c
 2229   257  21  C:\Program Files (x86)\PICC\Drivers\math.h
   41    15   1  C:\Program Files (x86)\PICC\Drivers\tv_03_32led_don.c
  105    47   4  C:\Program Files (x86)\PICC\Drivers\tv_04_4led_7doan.c
  112    48   4  C:\Program Files (x86)\PICC\Drivers\tv_05_8led_7doan_quet.c
  146    50   4  C:\Program Files (x86)\PICC\Drivers\tv_05_i2c_ds13_pcf.c
   42    12   1  C:\Program Files (x86)\PICC\Drivers\tv_06_lcd_glcd.c
  440   205  17  C:\Program Files (x86)\PICC\Drivers\tv_06_lcd.c
   76    35   3  C:\Program Files (x86)\PICC\Drivers\tv_dht11.c
  123    37   3  C:\Program Files (x86)\PICC\Drivers\tv_08_relay_triac_buzzer_dc.c
  419    75   6  C:\Program Files (x86)\PICC\Drivers\tv_07_adc_cb.c
   90    39   3  C:\Program Files (x86)\PICC\Drivers\tv_07_ds18b20.c
  230    54   4  C:\Program Files (x86)\PICC\Drivers\touch.c
   66    27   2  C:\Program Files (x86)\PICC\Drivers\tv_07_i2c_at24cxx.c
   60    20   2  C:\Program Files (x86)\PICC\Drivers\tv_09_matran_led_mbi.c
   82    33   3  C:\Program Files (x86)\PICC\Drivers\tv_08_dc_motor.c
   52    42   3  bai_812_dc_motor_on_off_inv_tv.c
----- -----
 5718  1218 Total

Page ROM  %  RAM   Vol Diff  Functions:
---- --- --- ---   --- ----  ----------
0     40   1    1             @delay_ms1
0     42   1    0             @const655
0     38   1    2   239  4.3  xuat_1byte
0     22   1    4   131  2.8  xuat_1word
0     88   3    0   396  1.4  xoa_tat_6module
0     58   2    0   253  2.3  set_up_port
0     34   1    4   160  1.8  xuat_32led_don_4byte
0     36   1    8   245  3.1  xuat_32led_don_2word
0     40   1    3             @DIV88
0     36   1    0             @const895
0     50   2    3   123  2.6  xuat_8led_7doan_quet
0     12   0    0    25  1.2  tat_8led_7doan_quet
0     54   2    2   171  4.0  hien_thi_8led_7doan_quet
0    142   5    6   305  5.1  md8l7d_gma_2so_vitri_vn
0      2   0    0             @const1091
0      2   0    0             @const1097
0      2   0    0             @const1102
0     10   0    0             @const1112
0     22   1    0             @const1114
0     32   1    2   158  2.7  xuat_buzzer_relay
0     12   0    0             @const1174
0      8   0    0    29  1.2  dc_motor_enable
0     12   0    0    32  1.0  dc_motor_quay_thuan
0     12   0    0    32  1.0  dc_motor_quay_nghich
0     10   0    0    32  1.0  dc_motor_stop
0     20   1    0    75  2.5  dc_motor_run
0     62   2    0   268  4.1  phim_on_off
0    146   5    2   834  4.8  dkdc_theo_giay
0     16   1    0    29  1.2  interrupt_timer3
0     28   1    0   127  3.9  tang_giay
0    226   8    0   367  4.7  MAIN
 Inline         0             @cinit1

Program metrics:
    Functions               21
    Statements              1218
    Comments                1380
    Volume (V)              7298
    Difficulty (D)          57.5
    Effort to implement (E) 419977
    Time to implement (T)   6 hours, 29 minutes
    Est Delivered Bugs (B)  2
    Cyclomatic Complexity   16
    Maintainability (MI)    74

 Segment     Used  Free
-----------  ----  ----
00000-00002     4  0  
00004-00006     0  4  
00008-00094   142  0  
00096-07FFE  1314  31304  



