
ROM used:   1906/32768 (6%)
            1906/32768 (6%) including unused fragments

            0.3 Average locations per line
            1.6 Average locations per statement

RAM used:   106/2048 (5%) at main() level
            126/2048 (6%) worst case

Stack used: 8 worst case (8 in main + 0 for interrupts)
Stack size: 31

Lines Stmts  %   Files
----- ----- ---  -----
   74    41   4  bai_609_lcd_4led_dem_sp_t0_ud.c
   24     0   0  C:\Program Files (x86)\PICC\Drivers\tv_kit_vdk_pic_all.c
  212    46   4  C:\Program Files (x86)\PICC\Drivers\tv_00_define_18f4550.c
  821     0   0  C:\Program Files (x86)\PICC\Devices\18f4550.h
  209    88   8  C:\Program Files (x86)\PICC\Drivers\tv_01_4_nutnhan.c
   98    63   5  C:\Program Files (x86)\PICC\Drivers\tv_02_matran_phim4x4_138.c
 2229   257  22  C:\Program Files (x86)\PICC\Drivers\math.h
   41    15   1  C:\Program Files (x86)\PICC\Drivers\tv_03_32led_don.c
  105    47   4  C:\Program Files (x86)\PICC\Drivers\tv_04_4led_7doan.c
  112    48   4  C:\Program Files (x86)\PICC\Drivers\tv_05_8led_7doan_quet.c
  146    50   4  C:\Program Files (x86)\PICC\Drivers\tv_05_i2c_ds13_pcf.c
   42    12   1  C:\Program Files (x86)\PICC\Drivers\tv_06_lcd_glcd.c
  440   205  18  C:\Program Files (x86)\PICC\Drivers\tv_06_lcd.c
   76    35   3  C:\Program Files (x86)\PICC\Drivers\tv_dht11.c
  123    37   3  C:\Program Files (x86)\PICC\Drivers\tv_08_relay_triac_buzzer_dc.c
  419    75   6  C:\Program Files (x86)\PICC\Drivers\tv_07_adc_cb.c
   90    39   3  C:\Program Files (x86)\PICC\Drivers\tv_07_ds18b20.c
  230    54   5  C:\Program Files (x86)\PICC\Drivers\touch.c
   66    27   2  C:\Program Files (x86)\PICC\Drivers\tv_07_i2c_at24cxx.c
   60    20   2  C:\Program Files (x86)\PICC\Drivers\tv_09_matran_led_mbi.c
----- -----
 5617  1159 Total

Page ROM  %  RAM   Vol Diff  Functions:
---- --- --- ---   --- ----  ----------
0     38   1    1             @delay_ms1
0     26   1    1             @delay_us1
0     32   1    0             @const655
0     38   1    2   239  4.3  xuat_1byte
0     22   1    4   131  2.8  xuat_1word
0     88   2    0   396  1.4  xoa_tat_6module
0     58   2    0   253  2.3  set_up_port
0     68   2    3   198  3.6  phim_bt0_c2
0     68   2    3   194  3.9  phim_bt1_c2
0     36   1    0   152  1.8  xuat_4led_7doan_4so
0    142   4    6   305  5.1  md4l7d_giaima_2so_vitri_vn
0     40   1    3             @DIV88
0     36   1    0   152  1.8  xuat_glcd_lcd
0     16   0    2   104  3.0  xuat_lcd
0     26   1    1   102  2.1  lcd_xuat
0     10   0    1    43  1.5  lcd_command
0     10   0    1    43  1.5  lcd_data
0     72   2    0   297  2.3  lcd_setup
0     20   1    0             @const977
0     26   1    3   145  3.9  lcd_goto_xy
0    138   4    5   503  6.2  lcd_puts
0      2   0    0             @const1091
0      2   0    0             @const1097
0      2   0    0             @const1102
0     10   0    0             @const1112
0     22   1    0             @const1114
0     30   1    2   158  2.7  xuat_buzzer_relay
0     36   1    3    94  1.7  buzzer_on_off
0     12   0    0             @const1174
0    114   3    2   114  3.0  lcd_hienthi_t0
0    116   3    6   308  3.3  @DIVS1616
0    114   3    2   114  3.0  lcd_hienthi_gh
0     32   1    0    82  1.6  b411_hienthi_4led7doan
0     28   1    1    80  2.4  ktra_run
0     18   0    1    50  1.8  ktra_stop
0     78   2    0   167  3.1  b411_dem_xung_ngoai
0    276   7    0   344  3.3  MAIN
 Inline         0             @cinit1

Program metrics:
    Functions               26
    Statements              1159
    Comments                1378
    Volume (V)              9262
    Difficulty (D)          73.1
    Effort to implement (E) 676975
    Time to implement (T)   10 hours, 27 minutes
    Est Delivered Bugs (B)  3
    Cyclomatic Complexity   15
    Maintainability (MI)    31

 Segment     Used  Free
-----------  ----  ----
00000-00002     4  0  
00004-07FFE  1902  30862  



