
ROM used:   1720/32768 (5%)
            1720/32768 (5%) including unused fragments

            0.3 Average locations per line
            1.5 Average locations per statement

RAM used:   93/2048 (5%) at main() level
            112/2048 (5%) worst case

Stack used: 9 worst case (8 in main + 1 for interrupts)
Stack size: 31

Lines Stmts  %   Files
----- ----- ---  -----
   80    50   4  bai_1003_guidl_maytinh_va_vdk.c
   24     0   0  C:\Program Files (x86)\PICC\Drivers\tv_kit_vdk_pic_all.c
  212    46   4  C:\Program Files (x86)\PICC\Drivers\tv_00_define_18f4550.c
  821     0   0  C:\Program Files (x86)\PICC\Devices\18f4550.h
  209    88   8  C:\Program Files (x86)\PICC\Drivers\tv_01_4_nutnhan.c
   98    63   5  C:\Program Files (x86)\PICC\Drivers\tv_02_matran_phim4x4_138.c
 2229   257  22  C:\Program Files (x86)\PICC\Drivers\math.h
   41    15   1  C:\Program Files (x86)\PICC\Drivers\tv_03_32led_don.c
  105    47   4  C:\Program Files (x86)\PICC\Drivers\tv_04_4led_7doan.c
  112    48   4  C:\Program Files (x86)\PICC\Drivers\tv_05_8led_7doan_quet.c
  146    50   4  C:\Program Files (x86)\PICC\Drivers\tv_05_i2c_ds13_pcf.c
   42    12   1  C:\Program Files (x86)\PICC\Drivers\tv_06_lcd_glcd.c
  440   205  18  C:\Program Files (x86)\PICC\Drivers\tv_06_lcd.c
   76    35   3  C:\Program Files (x86)\PICC\Drivers\tv_dht11.c
  123    37   3  C:\Program Files (x86)\PICC\Drivers\tv_08_relay_triac_buzzer_dc.c
  419    75   6  C:\Program Files (x86)\PICC\Drivers\tv_07_adc_cb.c
   90    39   3  C:\Program Files (x86)\PICC\Drivers\tv_07_ds18b20.c
  230    54   5  C:\Program Files (x86)\PICC\Drivers\touch.c
   66    27   2  C:\Program Files (x86)\PICC\Drivers\tv_07_i2c_at24cxx.c
   60    20   2  C:\Program Files (x86)\PICC\Drivers\tv_09_matran_led_mbi.c
----- -----
 5623  1168 Total

Page ROM  %  RAM   Vol Diff  Functions:
---- --- --- ---   --- ----  ----------
0     40   1    1             @delay_ms1
0     10   0    0             @PUTCHARI_BIU_1
0     38   1    2   239  4.3  xuat_1byte
0     22   1    4   131  2.8  xuat_1word
0     88   3    0   396  1.4  xoa_tat_6module
0     58   2    0   253  2.3  set_up_port
0     36   1    0   152  1.8  xuat_glcd_lcd
0     16   0    2   104  3.0  xuat_lcd
0     26   1    1   102  2.1  lcd_xuat
0     10   0    1    43  1.5  lcd_command
0     10   0    1    43  1.5  lcd_data
0     72   2    0   297  2.3  lcd_setup
0     30   1    0             @const977
0     26   1    3   145  3.9  lcd_goto_xy
0     86   2    0             @const983
0     90   3    0             @const987
0     44   1    2   127  3.5  lcd_khoi_tao_cgram_so_to
0     92   3    6   280  5.8  lcd_hien_thi_so_to
0     76   2    2             @MUL88
0      2   0    0             @const1091
0     32   1    2             @PSTRINGC_968
0      2   0    0             @const1097
0      2   0    0             @const1102
0     10   0    0             @const1112
0     22   1    0             @const1114
0     12   0    0             @const1174
0     20   1    0    57  1.8  interrupt_uart
0     38   1    0   151  3.9  nhan_dulieu
0     16   0    0    29  1.2  interrupt_timer3
0     60   2    1    92  2.5  lcd_hthi_giay_bcd_soto
0     72   2    4   383  4.7  @DIVS88
0     58   2    1    92  2.5  lcd_hthi_giay_hex_soto
0     18   1    0    88  3.2  tang_giay
0    318   9    1   678  6.1  MAIN
0      4   0    0             @const1234
0      6   0    0             @const1235
 Inline         0             @cinit1

Program metrics:
    Functions               21
    Statements              1168
    Comments                1374
    Volume (V)              7156
    Difficulty (D)          61.2
    Effort to implement (E) 438174
    Time to implement (T)   6 hours, 46 minutes
    Est Delivered Bugs (B)  2
    Cyclomatic Complexity   12
    Maintainability (MI)    74

 Segment     Used  Free
-----------  ----  ----
00000-00002     4  0  
00004-00006     0  4  
00008-000A0   154  0  
000A2-07FFE  1562  31044  



