
ROM used:   7754/32768 (24%)
            7754/32768 (24%) including unused fragments

            1.4 Average locations per line
            6.8 Average locations per statement

RAM used:   56/2048 (3%) at main() level
            129/2048 (6%) worst case

Stack used: 9 worst case (9 in main + 0 for interrupts)
Stack size: 31

Lines Stmts  %   Files
----- ----- ---  -----
   21    11   1  bai_706_lcd_gp2d12_do_kcach.c
   24     0   0  C:\Program Files (x86)\PICC\Drivers\tv_kit_vdk_pic_all.c
  212    46   4  C:\Program Files (x86)\PICC\Drivers\tv_00_define_18f4550.c
  821     0   0  C:\Program Files (x86)\PICC\Devices\18f4550.h
  209    88   8  C:\Program Files (x86)\PICC\Drivers\tv_01_4_nutnhan.c
   98    63   5  C:\Program Files (x86)\PICC\Drivers\tv_02_matran_phim4x4_138.c
 2229   257  22  C:\Program Files (x86)\PICC\Drivers\math.h
   41    15   1  C:\Program Files (x86)\PICC\Drivers\tv_03_32led_don.c
  105    47   4  C:\Program Files (x86)\PICC\Drivers\tv_04_4led_7doan.c
  112    48   4  C:\Program Files (x86)\PICC\Drivers\tv_05_8led_7doan_quet.c
  146    50   4  C:\Program Files (x86)\PICC\Drivers\tv_05_i2c_ds13_pcf.c
   42    12   1  C:\Program Files (x86)\PICC\Drivers\tv_06_lcd_glcd.c
  440   205  18  C:\Program Files (x86)\PICC\Drivers\tv_06_lcd.c
   76    35   3  C:\Program Files (x86)\PICC\Drivers\tv_dht11.c
  123    37   3  C:\Program Files (x86)\PICC\Drivers\tv_08_relay_triac_buzzer_dc.c
  419    75   7  C:\Program Files (x86)\PICC\Drivers\tv_07_adc_cb.c
   90    39   3  C:\Program Files (x86)\PICC\Drivers\tv_07_ds18b20.c
  230    54   5  C:\Program Files (x86)\PICC\Drivers\touch.c
   66    27   2  C:\Program Files (x86)\PICC\Drivers\tv_07_i2c_at24cxx.c
   60    20   2  C:\Program Files (x86)\PICC\Drivers\tv_09_matran_led_mbi.c
   31    18   2  bai_706_lcd_gp2d12_tv.c
----- -----
 5595  1147 Total

Page ROM  %  RAM   Vol Diff  Functions:
---- --- --- ---   --- ----  ----------
0     38   0    1             @delay_ms1
0     32   0    0             @const655
0     38   0    2   239  4.3  xuat_1byte
0     22   0    4   131  2.8  xuat_1word
0     88   1    0   396  1.4  xoa_tat_6module
0     58   0    0   253  2.3  set_up_port
0    802   5   20  1121 10.1  CEIL_FLOOR
0    118   1   10             @FLT
0     56   0    4             @SFTOI
0     54   0    2             @ITOF
0    242   2   11             @MULFF
0    618   4   16             @ADDFF
0     24   0    4    43  2.1  floor
0     26   0    4    44  1.9  ceil
0    338   2   16   259  6.9  fmod
0    346   2   14             @DIVFF
0    978   6   22  1071  8.0  exp
0     72   0    2             @SITOF
0    850   5   25   979 10.0  log
0    730   5   12   556  7.5  pow
0     44   0    0   152  1.8  xuat_4led_7doan_4so
0    148   1    6   305  5.1  md4l7d_giaima_2so_vitri_vn
0     40   0    3             @DIV88
0     66   0    5             @DIV1616
0     36   0    0   152  1.8  xuat_glcd_lcd
0     16   0    2   104  3.0  xuat_lcd
0     26   0    1   102  2.1  lcd_xuat
0     10   0    1    43  1.5  lcd_command
0     10   0    1    43  1.5  lcd_data
0     72   0    0   297  2.3  lcd_setup
0     20   0    0             @const977
0     26   0    3   145  3.9  lcd_goto_xy
0     76   0    0             @const983
0     80   1    0             @const987
0     44   0    2   127  3.5  lcd_khoi_tao_cgram_so_to
0    100   1    6   280  5.8  lcd_hien_thi_so_to
0     76   0    2             @MUL88
0     58   0    4   241  5.3  lcd_xoa_so_to
0    132   1    9   427  6.5  lcd_gm_ht_2so_to_xvn
0      2   0    0             @const1091
0     32   0    2             @PSTRINGC_968
0     82   1    4   189  3.3  lcd_hien_thi_2so_tp_nho
0      2   0    0             @const1097
0      2   0    0             @const1102
0     10   0    0             @const1112
0     22   0    0             @const1114
0    200   1    6   271  5.3  adc_read
0    234   2    4   127  3.1  float_to_ng_2so_tp
0     12   0    0             @const1174
0    212   1    9   241  3.6  adc_gp2d12_doc_xuly
0     70   0    5   242  3.7  adc_gp2d12_ht_lcd
0     22   0    2    96  2.1  adc_gp2d12_ht_7doan
0    230   1    0   238  2.2  MAIN
0      8   0    0   679  2.8  @const1232
 Inline         0   679  2.8  @cinit1

Program metrics:
    Functions               33
    Statements              1147
    Comments                1374
    Volume (V)              19145
    Difficulty (D)          128.8
    Effort to implement (E) 2465439
    Time to implement (T)   38 hours, 3 minutes
    Est Delivered Bugs (B)  6
    Cyclomatic Complexity   32
    Maintainability (MI)    53

 Segment     Used  Free
-----------  ----  ----
00000-00002     4  0  
00004-07FFE  7750  25014  



