
ROM used:   8210/32768 (25%)
            8210/32768 (25%) including unused fragments

            1.2 Average locations per line
            5.4 Average locations per statement

RAM used:   1087/2048 (53%) at main() level
            1198/2048 (58%) worst case

Stack used: 7 worst case (7 in main + 0 for interrupts)
Stack size: 31

Lines Stmts  %   Files
----- ----- ---  -----
   41    24   2  bai_813_dc_motor_on_off_tn_theo_giay_glcd.c
   24     0   0  C:\Program Files (x86)\PICC\Drivers\tv_kit_vdk_pic_all.c
  212    46   3  C:\Program Files (x86)\PICC\Drivers\tv_00_define_18f4550.c
  821     0   0  C:\Program Files (x86)\PICC\Devices\18f4550.h
  209    88   6  C:\Program Files (x86)\PICC\Drivers\tv_01_4_nutnhan.c
   98    63   4  C:\Program Files (x86)\PICC\Drivers\tv_02_matran_phim4x4_138.c
 2229   257  17  C:\Program Files (x86)\PICC\Drivers\math.h
   41    15   1  C:\Program Files (x86)\PICC\Drivers\tv_03_32led_don.c
  105    47   3  C:\Program Files (x86)\PICC\Drivers\tv_04_4led_7doan.c
  112    48   3  C:\Program Files (x86)\PICC\Drivers\tv_05_8led_7doan_quet.c
  146    50   3  C:\Program Files (x86)\PICC\Drivers\tv_05_i2c_ds13_pcf.c
   42    12   1  C:\Program Files (x86)\PICC\Drivers\tv_06_lcd_glcd.c
  440   205  14  C:\Program Files (x86)\PICC\Drivers\tv_06_lcd.c
   76    35   2  C:\Program Files (x86)\PICC\Drivers\tv_dht11.c
  123    37   2  C:\Program Files (x86)\PICC\Drivers\tv_08_relay_triac_buzzer_dc.c
  419    75   5  C:\Program Files (x86)\PICC\Drivers\tv_07_adc_cb.c
   90    39   3  C:\Program Files (x86)\PICC\Drivers\tv_07_ds18b20.c
  230    54   4  C:\Program Files (x86)\PICC\Drivers\touch.c
   66    27   2  C:\Program Files (x86)\PICC\Drivers\tv_07_i2c_at24cxx.c
   60    20   1  C:\Program Files (x86)\PICC\Drivers\tv_09_matran_led_mbi.c
  331   100   7  C:\Program Files (x86)\PICC\Drivers\tv_06_glcd.c
  540   163  11  C:\Program Files (x86)\PICC\Drivers\graphics.c
   51    27   2  bai_628_glcd_kim_giay_tv.c
   82    33   2  C:\Program Files (x86)\PICC\Drivers\tv_08_dc_motor.c
   52    42   3  bai_813_dc_motor_tv.c
----- -----
 6640  1507 Total

Page ROM  %  RAM   Vol Diff  Functions:
---- --- --- ---   --- ----  ----------
0     40   0    1             @delay_ms1
0    106   1    3             @I2C_READ_1
0    118   1    1             @I2C_WRITE_1
0     42   0    2   239  4.3  xuat_1byte
0     22   0    4   131  2.8  xuat_1word
0    112   1    0   396  1.4  xoa_tat_6module
0     58   0    0   253  2.3  set_up_port
0    124   1   10             @FLT
0     60   0    4             @SFTOI
0     54   0    2             @ITOF
0    246   1   11             @MULFF
0    632   4   16             @ADDFF
0    350   2   14             @DIVFF
0     82   0    2             @SITOF
0    904   6   46  1146  9.9  cos
0     78   0    8    44  1.9  sin
0     42   0    4   160  1.8  xuat_32led_don_4byte
0     36   0    8   245  3.1  xuat_32led_don_2word
0     44   0    3             @DIV88
0    168   1    3   262  4.6  ds1307_cap_nhat_time
0    190   1    4   280  4.0  ds1307_doc_time
0     30   0    0    80  2.4  ds1307_kiem_tra_ma
0     36   0    0   152  1.8  xuat_glcd_lcd
0     20   0    2   104  3.0  xuat_glcd
0     78   0    2             @MUL88
0      2   0    0             @const1091
0      2   0    0             @const1097
0      2   0    0             @const1102
0     10   0    0             @const1112
0     22   0    0             @const1114
0     36   0    2   158  2.7  xuat_buzzer_relay
0     12   0    0             @const1174
0     38   0    1   123  2.2  glcd_xuat_db
0     10   0    1    43  1.5  glcd_command
0     12   0    1    43  1.5  glcd_data
0     88   1    1   285  1.9  glcd_setup
0    122   1    7   338  5.1  glcd_mau_nen
0     34   0    5    48  1.1  @MUL1616
0    268   2    6   510  8.0  glcd_pixel
0    238   1    3   447  5.2  gdram_vdk_to_gdram_glcd_all
0    272   2    0   127  3.9  @const1285
0    236   1    0   367  4.7  @const1289
0    310   2   17  1519  9.2  glcd_line
0     86   1    6    43  1.3  @MULS1616
0    528   3   12  1846  8.8  glcd_circle
0    440   3   20  1587 11.7  glcd_text57
0    694   4   26   968  5.7  glcd_ve_kim
0    260   2   16   871  4.0  glcd_ve_vong_tron_ht_so
0     28   0    0    32  1.0  @const1382
0    112   1    2   198  3.7  glcd_dong_ho_so
0      8   0    0    29  1.2  dc_motor_enable
0     12   0    0    32  1.0  dc_motor_quay_thuan
0     12   0    0    32  1.0  dc_motor_quay_nghich
0     10   0    0    32  1.0  dc_motor_stop
0     20   0    0    75  2.5  dc_motor_run
0     66   0    0   268  4.1  phim_on_off
0    174   1    2   834  4.8  dkdc_theo_giay
0    370   2    1   772  6.3  MAIN
 Inline         0             @cinit1

Program metrics:
    Functions               40
    Statements              1507
    Comments                1695
    Volume (V)              27379
    Difficulty (D)          151.5
    Effort to implement (E) 4146578
    Time to implement (T)   63 hours, 59 minutes
    Est Delivered Bugs (B)  9
    Cyclomatic Complexity   54
    Maintainability (MI)    47

 Segment     Used  Free
-----------  ----  ----
00000-00002     4  0  
00004-07FFE  8206  24558  



