
ROM used:   4386/32768 (13%)
            4386/32768 (13%) including unused fragments

            0.8 Average locations per line
            3.8 Average locations per statement

RAM used:   56/2048 (3%) at main() level
            84/2048 (4%) worst case

Stack used: 9 worst case (9 in main + 0 for interrupts)
Stack size: 31

Lines Stmts  %   Files
----- ----- ---  -----
   27    14   1  bai_701_lm35a_den_buz_bt3.c
   24     0   0  C:\Program Files (x86)\PICC\Drivers\tv_kit_vdk_pic_all.c
  212    46   4  C:\Program Files (x86)\PICC\Drivers\tv_00_define_18f4550.c
  821     0   0  C:\Program Files (x86)\PICC\Devices\18f4550.h
  209    88   8  C:\Program Files (x86)\PICC\Drivers\tv_01_4_nutnhan.c
   98    63   5  C:\Program Files (x86)\PICC\Drivers\tv_02_matran_phim4x4_138.c
 2229   257  22  C:\Program Files (x86)\PICC\Drivers\math.h
   41    15   1  C:\Program Files (x86)\PICC\Drivers\tv_03_32led_don.c
  105    47   4  C:\Program Files (x86)\PICC\Drivers\tv_04_4led_7doan.c
  112    48   4  C:\Program Files (x86)\PICC\Drivers\tv_05_8led_7doan_quet.c
  146    50   4  C:\Program Files (x86)\PICC\Drivers\tv_05_i2c_ds13_pcf.c
   42    12   1  C:\Program Files (x86)\PICC\Drivers\tv_06_lcd_glcd.c
  440   205  18  C:\Program Files (x86)\PICC\Drivers\tv_06_lcd.c
   76    35   3  C:\Program Files (x86)\PICC\Drivers\tv_dht11.c
  123    37   3  C:\Program Files (x86)\PICC\Drivers\tv_08_relay_triac_buzzer_dc.c
  419    75   6  C:\Program Files (x86)\PICC\Drivers\tv_07_adc_cb.c
   90    39   3  C:\Program Files (x86)\PICC\Drivers\tv_07_ds18b20.c
  230    54   5  C:\Program Files (x86)\PICC\Drivers\touch.c
   66    27   2  C:\Program Files (x86)\PICC\Drivers\tv_07_i2c_at24cxx.c
   60    20   2  C:\Program Files (x86)\PICC\Drivers\tv_09_matran_led_mbi.c
   35    16   1  bai_701_lm35a_tv.c
   24    13   1  bai_701_bt3_lcd_tv.c
----- -----
 5629  1161 Total

Page ROM  %  RAM   Vol Diff  Functions:
---- --- --- ---   --- ----  ----------
0     38   0    1             @delay_ms1
0     28   0    1             @delay_us1
0     32   0    0             @const655
0     38   0    2   239  4.3  xuat_1byte
0     22   0    4   131  2.8  xuat_1word
0     88   1    0   396  1.4  xoa_tat_6module
0     58   1    0   253  2.3  set_up_port
0     68   1    3   190  4.4  phim_bt3_c2
0     56   1    4             @SFTOI
0     54   1    2             @ITOF
0    244   3   11             @MULFF
0    618   7   16             @ADDFF
0    346   4   14             @DIVFF
0     44   1    0   152  1.8  xuat_4led_7doan_4so
0    148   2    6   305  5.1  md4l7d_giaima_2so_vitri_vn
0     40   0    3             @DIV88
0     66   1    5             @DIV1616
0     36   0    0   152  1.8  xuat_glcd_lcd
0     16   0    2   104  3.0  xuat_lcd
0     26   0    1   102  2.1  lcd_xuat
0     10   0    1    43  1.5  lcd_command
0     10   0    1    43  1.5  lcd_data
0     72   1    0   297  2.3  lcd_setup
0     20   0    0             @const977
0     26   0    3   145  3.9  lcd_goto_xy
0     76   1    0             @const983
0     80   1    0             @const987
0     44   1    2   127  3.5  lcd_khoi_tao_cgram_so_to
0    100   1    6   280  5.8  lcd_hien_thi_so_to
0     76   1    2             @MUL88
0     58   1    4   241  5.3  lcd_xoa_so_to
0    132   2    9   427  6.5  lcd_gm_ht_2so_to_xvn
0      2   0    0             @const1091
0     32   0    2             @PSTRINGC_968
0     82   1    4   189  3.3  lcd_hien_thi_2so_tp_nho
0      2   0    0             @const1097
0      2   0    0             @const1102
0     10   0    0             @const1112
0     22   0    0             @const1114
0     34   0    2   158  2.7  xuat_buzzer_relay
0      6   0    0    29  1.2  buzzer_on
0      6   0    0    29  1.2  buzzer_off
0     38   0    3    94  1.7  buzzer_on_off
0      6   0    0    29  1.2  triac_2_on
0      6   0    0    32  0.8  triac_2_off
0    200   2    6   271  5.3  adc_read
0    220   3    4   127  3.1  float_to_ng_2so_tp
0     84   1    3   478  4.7  so_sanh_1nd
0    114   1    5   607  5.5  so_sanh_and_2nd
0    114   1    5   627  6.0  so_sanh_or_2nd
0     70   1    5   233  2.7  so_sanh_nd_dk_buzzer
0     12   0    0             @const1174
0    112   1    5   162  2.6  adc_lm35a_doc_xuly
0     70   1    5   242  3.7  adc_lm35a_ht_lcd
0     22   0    2    96  2.1  adc_lm35a_ht_7doan
0     26   0    0    43  1.3  lcd_ena_buz_on
0      4   0    0   134  2.7  @const1230
0     20   0    0    43  1.3  lcd_ena_buz_off
0      4   0    0   120  3.0  @const1232
0     40   0    0   132  2.9  phim_bt3_tat_mo_buz
0    240   3    0   326  2.7  MAIN
0     12   0    0   224  5.0  @const1237
 Inline         0   618  5.0  @cinit1

Program metrics:
    Functions               42
    Statements              1161
    Comments                1375
    Volume (V)              17560
    Difficulty (D)          130.5
    Effort to implement (E) 2290891
    Time to implement (T)   35 hours, 21 minutes
    Est Delivered Bugs (B)  6
    Cyclomatic Complexity   47
    Maintainability (MI)    112

 Segment     Used  Free
-----------  ----  ----
00000-00002     4  0  
00004-07FFE  4382  28382  



