
ROM used:   1978/32768 (6%)
            1978/32768 (6%) including unused fragments

            0.3 Average locations per line
            1.7 Average locations per statement

RAM used:   57/2048 (3%) at main() level
            77/2048 (4%) worst case

Stack used: 5 worst case (5 in main + 0 for interrupts)
Stack size: 31

Lines Stmts  %   Files
----- ----- ---  -----
   35    18   2  bai_522_tong_hop_3module_ds1307.c
   24     0   0  C:\Program Files (x86)\PICC\Drivers\tv_kit_vdk_pic_all.c
  212    46   4  C:\Program Files (x86)\PICC\Drivers\tv_00_define_18f4550.c
  821     0   0  C:\Program Files (x86)\PICC\Devices\18f4550.h
  209    88   7  C:\Program Files (x86)\PICC\Drivers\tv_01_4_nutnhan.c
   98    63   5  C:\Program Files (x86)\PICC\Drivers\tv_02_matran_phim4x4_138.c
 2229   257  22  C:\Program Files (x86)\PICC\Drivers\math.h
   41    15   1  C:\Program Files (x86)\PICC\Drivers\tv_03_32led_don.c
  105    47   4  C:\Program Files (x86)\PICC\Drivers\tv_04_4led_7doan.c
  112    48   4  C:\Program Files (x86)\PICC\Drivers\tv_05_8led_7doan_quet.c
  146    50   4  C:\Program Files (x86)\PICC\Drivers\tv_05_i2c_ds13_pcf.c
   42    12   1  C:\Program Files (x86)\PICC\Drivers\tv_06_lcd_glcd.c
  440   205  17  C:\Program Files (x86)\PICC\Drivers\tv_06_lcd.c
   76    35   3  C:\Program Files (x86)\PICC\Drivers\tv_dht11.c
  123    37   3  C:\Program Files (x86)\PICC\Drivers\tv_08_relay_triac_buzzer_dc.c
  419    75   6  C:\Program Files (x86)\PICC\Drivers\tv_07_adc_cb.c
   90    39   3  C:\Program Files (x86)\PICC\Drivers\tv_07_ds18b20.c
  230    54   5  C:\Program Files (x86)\PICC\Drivers\touch.c
   66    27   2  C:\Program Files (x86)\PICC\Drivers\tv_07_i2c_at24cxx.c
   60    20   2  C:\Program Files (x86)\PICC\Drivers\tv_09_matran_led_mbi.c
   50    21   2  bai_411_t0_tv.c
   58    25   2  bai_519_tv.c
----- -----
 5686  1182 Total

Page ROM  %  RAM   Vol Diff  Functions:
---- --- --- ---   --- ----  ----------
0     38   1    1             @delay_ms1
0     28   1    1             @delay_us1
0    102   3    3             @I2C_READ_1
0    108   3    1             @I2C_WRITE_1
0     32   1    0             @const655
0     38   1    2   239  4.3  xuat_1byte
0     22   1    4   131  2.8  xuat_1word
0     88   2    0   396  1.4  xoa_tat_6module
0     58   1    0   253  2.3  set_up_port
0     68   2    3   190  4.4  phim_bt3_c2
0     36   1    0   152  1.8  xuat_4led_7doan_4so
0    142   4    6   305  5.1  md4l7d_giaima_2so_vitri_vn
0     40   1    3             @DIV88
0     26   1    0             @const895
0     50   1    3   123  2.6  xuat_8led_7doan_quet
0     12   0    0    25  1.2  tat_8led_7doan_quet
0     54   1    2   171  4.0  hien_thi_8led_7doan_quet
0    122   3    6   293  5.1  md8l7d_gma_so_bcd_vitri_vn
0    148   4    3   262  4.6  ds1307_cap_nhat_time
0    170   4    4   280  4.0  ds1307_doc_time
0     22   1    0    80  2.4  ds1307_kiem_tra_ma
0      2   0    0             @const1091
0      2   0    0             @const1097
0      2   0    0             @const1102
0     10   0    0             @const1112
0     22   1    0             @const1114
0     30   1    2   158  2.7  xuat_buzzer_relay
0     36   1    3    94  1.7  buzzer_on_off
0     12   0    0             @const1174
0     32   1    0    82  1.6  b411_hienthi_4led7doan
0     38   1    0   152  3.0  b411_dem_xung_ngoai_t0
0     36   1    0   143  2.2  giai_ma_GPG
0     38   1    0   143  2.2  giai_ma_NTN
0     42   1    1   272  2.3  giai_ma_THU
0     24   1    0   104  2.0  chon_hien_thi_1trong3
0     32   1    1   108  3.0  phim_chon_hienthi
0    212   5    0   412  5.6  MAIN
 Inline         0             @cinit1

Program metrics:
    Functions               24
    Statements              1182
    Comments                1377
    Volume (V)              8797
    Difficulty (D)          71.4
    Effort to implement (E) 628224
    Time to implement (T)   9 hours, 42 minutes
    Est Delivered Bugs (B)  2
    Cyclomatic Complexity   21
    Maintainability (MI)    40

 Segment     Used  Free
-----------  ----  ----
00000-00002     4  0  
00004-07FFE  1974  30790  



